#
# There is insufficient memory for the Java Runtime Environment to continue.
# Native memory allocation (mmap) failed to map 65536 bytes for Failed to commit area from 0x0000015af4340000 to 0x0000015af4350000 of length 65536.
# Possible reasons:
#   The system is out of physical RAM or swap space
#   The process is running with CompressedOops enabled, and the Java Heap may be blocking the growth of the native heap
# Possible solutions:
#   Reduce memory load on the system
#   Increase physical memory or swap space
#   Check if swap backing store is full
#   Decrease Java heap size (-Xmx/-Xms)
#   Decrease number of Java threads
#   Decrease Java thread stack sizes (-Xss)
#   Set larger code cache with -XX:ReservedCodeCacheSize=
#   JVM is running with Unscaled Compressed Oops mode in which the Java heap is
#     placed in the first 4GB address space. The Java Heap base address is the
#     maximum limit for the native heap growth. Please use -XX:HeapBaseMinAddress
#     to set the Java Heap base and to place the Java Heap above 4GB virtual address.
# This output file may be truncated or incomplete.
#
#  Out of Memory Error (./src/hotspot/os/windows/os_windows.cpp:3521), pid=9312, tid=21680
#
# JRE version: OpenJDK Runtime Environment (11.0.12+7) (build 11.0.12+7-b1504.28-7817840)
# Java VM: OpenJDK 64-Bit Server VM (11.0.12+7-b1504.28-7817840, mixed mode, tiered, compressed oops, g1 gc, windows-amd64)
# No core dump will be written. Minidumps are not enabled by default on client versions of Windows
#

---------------  S U M M A R Y ------------

Command Line: --add-opens=java.base/java.util=ALL-UNNAMED --add-opens=java.base/java.lang=ALL-UNNAMED --add-opens=java.base/java.lang.invoke=ALL-UNNAMED --add-opens=java.base/java.util=ALL-UNNAMED --add-opens=java.prefs/java.util.prefs=ALL-UNNAMED --add-opens=java.prefs/java.util.prefs=ALL-UNNAMED --add-opens=java.base/java.nio.charset=ALL-UNNAMED --add-opens=java.base/java.net=ALL-UNNAMED --add-opens=java.base/java.util.concurrent.atomic=ALL-UNNAMED -Xmx2048m -Dfile.encoding=UTF-8 -Duser.country=US -Duser.language=en -Duser.variant org.gradle.launcher.daemon.bootstrap.GradleDaemon 7.3.3

Host: Intel(R) Core(TM) i5-7200U CPU @ 2.50GHz, 4 cores, 7G,  Windows 10 , 64 bit Build 19041 (10.0.19041.1706)
Time: Fri Jul  1 10:05:21 2022 Georgian Standard Time elapsed time: 3550.915913 seconds (0d 0h 59m 10s)

---------------  T H R E A D  ---------------

Current thread (0x0000015afb109000):  VMThread "VM Thread" [stack: 0x00000021b4d00000,0x00000021b4e00000] [id=21680]

Stack: [0x00000021b4d00000,0x00000021b4e00000]
[error occurred during error reporting (printing stack bounds), id 0xc0000005, EXCEPTION_ACCESS_VIOLATION (0xc0000005) at pc=0x0000015ae487112d]

Native frames: (J=compiled Java code, j=interpreted, Vv=VM code, C=native code)
V  [jvm.dll+0x5fbcea]
V  [jvm.dll+0x731905]
V  [jvm.dll+0x732f1d]
V  [jvm.dll+0x733535]
V  [jvm.dll+0x7334eb]
V  [jvm.dll+0x5fb080]
V  [jvm.dll+0x5fb818]
C  [ntdll.dll+0xa209f]
C  [ntdll.dll+0x51454]
C  [ntdll.dll+0xa0bce]
C  0x0000015ae487112d

VM_Operation (0x00000021ba7fd0d0): G1CollectForAllocation, mode: safepoint, requested by thread 0x0000015afe175000


---------------  P R O C E S S  ---------------

Threads class SMR info:
_java_thread_list=0x0000015afdf035e0, length=91, elements={
0x0000015adf59b000, 0x0000015afb10b000, 0x0000015afb10c800, 0x0000015afb125000,
0x0000015afb126000, 0x0000015afb128000, 0x0000015afb130800, 0x0000015afb131800,
0x0000015afb133000, 0x0000015afbbf7800, 0x0000015afd043800, 0x0000015afbced800,
0x0000015afd410000, 0x0000015afdf4a000, 0x0000015afdf4a800, 0x0000015afdf45000,
0x0000015afdf4b800, 0x0000015afdf45800, 0x0000015a81131800, 0x0000015a8112c000,
0x0000015a8112f000, 0x0000015a81132800, 0x0000015a81130000, 0x0000015a81131000,
0x0000015a8269d000, 0x0000015afc0ee800, 0x0000015afc0f3800, 0x0000015afc0f4800,
0x0000015afc0f0800, 0x0000015afc0ef800, 0x0000015afc0f5000, 0x0000015afc0f1000,
0x0000015afc0f2000, 0x0000015afc0fc000, 0x0000015afc0f9800, 0x0000015afc0f8800,
0x0000015afc0f6000, 0x0000015afc0f7000, 0x0000015afc0fa000, 0x0000015afc0fb000,
0x0000015afc0fc800, 0x0000015afc0fd800, 0x0000015afc0f7800, 0x0000015a8112c800,
0x0000015a81133800, 0x0000015a8112d800, 0x0000015a8113a000, 0x0000015a81135000,
0x0000015a81136800, 0x0000015a81135800, 0x0000015a81137800, 0x0000015a81138000,
0x0000015a81139000, 0x0000015a8269f800, 0x0000015a8269e800, 0x0000015a826a0800,
0x0000015a8269e000, 0x0000015a826a1000, 0x0000015a826a2000, 0x0000015a8269c800,
0x0000015a826a3000, 0x0000015afdf46800, 0x0000015afdf47800, 0x0000015afdf48000,
0x0000015afdf49000, 0x0000015afee68000, 0x0000015afee69000, 0x0000015afee65000,
0x0000015afee65800, 0x0000015afee6a000, 0x0000015afee67800, 0x0000015afee66800,
0x0000015afee64000, 0x0000015afee6f800, 0x0000015afee6c000, 0x0000015afee6a800,
0x0000015afee70800, 0x0000015afee71000, 0x0000015afee6e000, 0x0000015afee6d000,
0x0000015afee6e800, 0x0000015afee6b800, 0x0000015afee72000, 0x0000015afee73000,
0x0000015afe174800, 0x0000015afe176000, 0x0000015afe177000, 0x0000015afe172800,
0x0000015afe175000, 0x0000015afe172000, 0x0000015afe171000
}

Java Threads: ( => current thread )
  0x0000015adf59b000 JavaThread "main" [_thread_blocked, id=22344, stack(0x00000021b4700000,0x00000021b4800000)]
  0x0000015afb10b000 JavaThread "Reference Handler" daemon [_thread_blocked, id=2632, stack(0x00000021b4e00000,0x00000021b4f00000)]
  0x0000015afb10c800 JavaThread "Finalizer" daemon [_thread_blocked, id=4608, stack(0x00000021b4f00000,0x00000021b5000000)]
  0x0000015afb125000 JavaThread "Signal Dispatcher" daemon [_thread_blocked, id=15840, stack(0x00000021b5000000,0x00000021b5100000)]
  0x0000015afb126000 JavaThread "Attach Listener" daemon [_thread_blocked, id=32, stack(0x00000021b5100000,0x00000021b5200000)]
  0x0000015afb128000 JavaThread "Service Thread" daemon [_thread_blocked, id=12204, stack(0x00000021b5200000,0x00000021b5300000)]
  0x0000015afb130800 JavaThread "C2 CompilerThread0" daemon [_thread_blocked, id=10612, stack(0x00000021b5300000,0x00000021b5400000)]
  0x0000015afb131800 JavaThread "C1 CompilerThread0" daemon [_thread_blocked, id=2720, stack(0x00000021b5400000,0x00000021b5500000)]
  0x0000015afb133000 JavaThread "Sweeper thread" daemon [_thread_blocked, id=12596, stack(0x00000021b5500000,0x00000021b5600000)]
  0x0000015afbbf7800 JavaThread "Common-Cleaner" daemon [_thread_blocked, id=11512, stack(0x00000021b5600000,0x00000021b5700000)]
  0x0000015afd043800 JavaThread "Daemon health stats" [_thread_blocked, id=21360, stack(0x00000021b5b00000,0x00000021b5c00000)]
  0x0000015afbced800 JavaThread "Incoming local TCP Connector on port 60720" [_thread_in_native, id=18368, stack(0x00000021b5800000,0x00000021b5900000)]
  0x0000015afd410000 JavaThread "Daemon periodic checks" [_thread_blocked, id=17264, stack(0x00000021b5c00000,0x00000021b5d00000)]
  0x0000015afdf4a000 JavaThread "Cache worker for journal cache (C:\Users\salom\.gradle\caches\journal-1)" [_thread_blocked, id=8788, stack(0x00000021b6500000,0x00000021b6600000)]
  0x0000015afdf4a800 JavaThread "File lock request listener" [_thread_in_native, id=10604, stack(0x00000021b6600000,0x00000021b6700000)]
  0x0000015afdf45000 JavaThread "Cache worker for file hash cache (C:\Users\salom\.gradle\caches\7.3.3\fileHashes)" [_thread_blocked, id=19744, stack(0x00000021b6700000,0x00000021b6800000)]
  0x0000015afdf4b800 JavaThread "File watcher server" daemon [_thread_blocked, id=21080, stack(0x00000021b6a00000,0x00000021b6b00000)]
  0x0000015afdf45800 JavaThread "File watcher consumer" daemon [_thread_blocked, id=19492, stack(0x00000021b6b00000,0x00000021b6c00000)]
  0x0000015a81131800 JavaThread "jar transforms" [_thread_blocked, id=10408, stack(0x00000021b6c00000,0x00000021b6d00000)]
  0x0000015a8112c000 JavaThread "jar transforms Thread 2" [_thread_blocked, id=7224, stack(0x00000021b6d00000,0x00000021b6e00000)]
  0x0000015a8112f000 JavaThread "jar transforms Thread 3" [_thread_blocked, id=15068, stack(0x00000021b6e00000,0x00000021b6f00000)]
  0x0000015a81132800 JavaThread "jar transforms Thread 4" [_thread_blocked, id=1532, stack(0x00000021b6f00000,0x00000021b7000000)]
  0x0000015a81130000 JavaThread "Cache worker for execution history cache (C:\Users\salom\.gradle\caches\7.3.3\executionHistory)" [_thread_blocked, id=18832, stack(0x00000021b7300000,0x00000021b7400000)]
  0x0000015a81131000 JavaThread "Cache worker for file content cache (C:\Users\salom\.gradle\caches\7.3.3\fileContent)" [_thread_blocked, id=13828, stack(0x00000021b7400000,0x00000021b7500000)]
  0x0000015a8269d000 JavaThread "Memory manager" [_thread_blocked, id=19252, stack(0x00000021b9f00000,0x00000021ba000000)]
  0x0000015afc0ee800 JavaThread "pool-3-thread-1" [_thread_blocked, id=5892, stack(0x00000021ba100000,0x00000021ba200000)]
  0x0000015afc0f3800 JavaThread "Daemon Thread 2" [_thread_blocked, id=13876, stack(0x00000021b4400000,0x00000021b4500000)]
  0x0000015afc0f4800 JavaThread "Handler for socket connection from /127.0.0.1:60720 to /127.0.0.1:63068" [_thread_in_native, id=20300, stack(0x00000021b4500000,0x00000021b4600000)]
  0x0000015afc0f0800 JavaThread "Cancel handler" [_thread_blocked, id=19732, stack(0x00000021b4600000,0x00000021b4700000)]
  0x0000015afc0ef800 JavaThread "Daemon worker Thread 2" [_thread_blocked, id=20280, stack(0x00000021b5d00000,0x00000021b5e00000)]
  0x0000015afc0f5000 JavaThread "Asynchronous log dispatcher for DefaultDaemonConnection: socket connection from /127.0.0.1:60720 to /127.0.0.1:63068" [_thread_blocked, id=14124, stack(0x00000021b5e00000,0x00000021b5f00000)]
  0x0000015afc0f1000 JavaThread "Stdin handler" [_thread_blocked, id=2412, stack(0x00000021b5f00000,0x00000021b6000000)]
  0x0000015afc0f2000 JavaThread "Daemon client event forwarder" [_thread_blocked, id=20312, stack(0x00000021b6000000,0x00000021b6100000)]
  0x0000015afc0fc000 JavaThread "Cache worker for file hash cache (C:\Users\salom\AndroidStudioProjects\TbcRevision2\.gradle\7.3.3\fileHashes)" [_thread_blocked, id=19804, stack(0x00000021b6100000,0x00000021b6200000)]
  0x0000015afc0f9800 JavaThread "Cache worker for checksums cache (C:\Users\salom\AndroidStudioProjects\TbcRevision2\.gradle\7.3.3\checksums)" [_thread_blocked, id=14292, stack(0x00000021b6300000,0x00000021b6400000)]
  0x0000015afc0f8800 JavaThread "Cache worker for cache directory md-supplier (C:\Users\salom\.gradle\caches\7.3.3\md-supplier)" [_thread_blocked, id=8856, stack(0x00000021b6800000,0x00000021b6900000)]
  0x0000015afc0f6000 JavaThread "Cache worker for cache directory md-rule (C:\Users\salom\.gradle\caches\7.3.3\md-rule)" [_thread_blocked, id=19740, stack(0x00000021b6900000,0x00000021b6a00000)]
  0x0000015afc0f7000 JavaThread "Cache worker for dependencies-accessors (C:\Users\salom\AndroidStudioProjects\TbcRevision2\.gradle\7.3.3\dependencies-accessors)" [_thread_blocked, id=7628, stack(0x00000021b7000000,0x00000021b7100000)]
  0x0000015afc0fa000 JavaThread "Cache worker for Build Output Cleanup Cache (C:\Users\salom\AndroidStudioProjects\TbcRevision2\.gradle\buildOutputCleanup)" [_thread_blocked, id=18672, stack(0x00000021b7100000,0x00000021b7200000)]
  0x0000015afc0fb000 JavaThread "Unconstrained build operations" [_thread_blocked, id=12740, stack(0x00000021b7200000,0x00000021b7300000)]
  0x0000015afc0fc800 JavaThread "Unconstrained build operations Thread 2" [_thread_blocked, id=20640, stack(0x00000021b7500000,0x00000021b7600000)]
  0x0000015afc0fd800 JavaThread "Unconstrained build operations Thread 3" [_thread_blocked, id=22260, stack(0x00000021b7600000,0x00000021b7700000)]
  0x0000015afc0f7800 JavaThread "Unconstrained build operations Thread 4" [_thread_blocked, id=14232, stack(0x00000021b7700000,0x00000021b7800000)]
  0x0000015a8112c800 JavaThread "Unconstrained build operations Thread 5" [_thread_blocked, id=14208, stack(0x00000021b7800000,0x00000021b7900000)]
  0x0000015a81133800 JavaThread "Unconstrained build operations Thread 6" [_thread_blocked, id=13488, stack(0x00000021b7900000,0x00000021b7a00000)]
  0x0000015a8112d800 JavaThread "Unconstrained build operations Thread 7" [_thread_blocked, id=10716, stack(0x00000021b7a00000,0x00000021b7b00000)]
  0x0000015a8113a000 JavaThread "Unconstrained build operations Thread 8" [_thread_blocked, id=14720, stack(0x00000021b7b00000,0x00000021b7c00000)]
  0x0000015a81135000 JavaThread "Unconstrained build operations Thread 9" [_thread_blocked, id=19004, stack(0x00000021b7c00000,0x00000021b7d00000)]
  0x0000015a81136800 JavaThread "Unconstrained build operations Thread 10" [_thread_blocked, id=21756, stack(0x00000021b7d00000,0x00000021b7e00000)]
  0x0000015a81135800 JavaThread "Unconstrained build operations Thread 11" [_thread_blocked, id=17152, stack(0x00000021b7e00000,0x00000021b7f00000)]
  0x0000015a81137800 JavaThread "Unconstrained build operations Thread 12" [_thread_blocked, id=15344, stack(0x00000021b7f00000,0x00000021b8000000)]
  0x0000015a81138000 JavaThread "Unconstrained build operations Thread 13" [_thread_blocked, id=3460, stack(0x00000021b8000000,0x00000021b8100000)]
  0x0000015a81139000 JavaThread "Unconstrained build operations Thread 14" [_thread_blocked, id=13328, stack(0x00000021b8100000,0x00000021b8200000)]
  0x0000015a8269f800 JavaThread "Unconstrained build operations Thread 15" [_thread_blocked, id=17872, stack(0x00000021b8200000,0x00000021b8300000)]
  0x0000015a8269e800 JavaThread "Unconstrained build operations Thread 16" [_thread_blocked, id=20672, stack(0x00000021b8300000,0x00000021b8400000)]
  0x0000015a826a0800 JavaThread "Unconstrained build operations Thread 17" [_thread_blocked, id=20132, stack(0x00000021b8400000,0x00000021b8500000)]
  0x0000015a8269e000 JavaThread "Unconstrained build operations Thread 18" [_thread_blocked, id=20472, stack(0x00000021b8500000,0x00000021b8600000)]
  0x0000015a826a1000 JavaThread "Unconstrained build operations Thread 19" [_thread_blocked, id=20652, stack(0x00000021b8600000,0x00000021b8700000)]
  0x0000015a826a2000 JavaThread "Unconstrained build operations Thread 20" [_thread_blocked, id=14100, stack(0x00000021b8700000,0x00000021b8800000)]
  0x0000015a8269c800 JavaThread "Unconstrained build operations Thread 21" [_thread_blocked, id=1436, stack(0x00000021b8800000,0x00000021b8900000)]
  0x0000015a826a3000 JavaThread "Unconstrained build operations Thread 22" [_thread_blocked, id=15808, stack(0x00000021b8900000,0x00000021b8a00000)]
  0x0000015afdf46800 JavaThread "Unconstrained build operations Thread 23" [_thread_blocked, id=21636, stack(0x00000021b8a00000,0x00000021b8b00000)]
  0x0000015afdf47800 JavaThread "Unconstrained build operations Thread 24" [_thread_blocked, id=16500, stack(0x00000021b8b00000,0x00000021b8c00000)]
  0x0000015afdf48000 JavaThread "Unconstrained build operations Thread 25" [_thread_blocked, id=12400, stack(0x00000021b8c00000,0x00000021b8d00000)]
  0x0000015afdf49000 JavaThread "Unconstrained build operations Thread 26" [_thread_blocked, id=18044, stack(0x00000021b8d00000,0x00000021b8e00000)]
  0x0000015afee68000 JavaThread "Unconstrained build operations Thread 27" [_thread_blocked, id=17964, stack(0x00000021b8e00000,0x00000021b8f00000)]
  0x0000015afee69000 JavaThread "Unconstrained build operations Thread 28" [_thread_blocked, id=15260, stack(0x00000021b8f00000,0x00000021b9000000)]
  0x0000015afee65000 JavaThread "Unconstrained build operations Thread 29" [_thread_blocked, id=19444, stack(0x00000021b9000000,0x00000021b9100000)]
  0x0000015afee65800 JavaThread "Unconstrained build operations Thread 30" [_thread_blocked, id=5548, stack(0x00000021b9100000,0x00000021b9200000)]
  0x0000015afee6a000 JavaThread "Unconstrained build operations Thread 31" [_thread_blocked, id=11744, stack(0x00000021b9200000,0x00000021b9300000)]
  0x0000015afee67800 JavaThread "Unconstrained build operations Thread 32" [_thread_blocked, id=15064, stack(0x00000021b9300000,0x00000021b9400000)]
  0x0000015afee66800 JavaThread "Unconstrained build operations Thread 33" [_thread_blocked, id=13152, stack(0x00000021b9400000,0x00000021b9500000)]
  0x0000015afee64000 JavaThread "Unconstrained build operations Thread 34" [_thread_blocked, id=12648, stack(0x00000021b9500000,0x00000021b9600000)]
  0x0000015afee6f800 JavaThread "Unconstrained build operations Thread 35" [_thread_blocked, id=12156, stack(0x00000021b9600000,0x00000021b9700000)]
  0x0000015afee6c000 JavaThread "Unconstrained build operations Thread 36" [_thread_blocked, id=2056, stack(0x00000021b9700000,0x00000021b9800000)]
  0x0000015afee6a800 JavaThread "Unconstrained build operations Thread 37" [_thread_blocked, id=8864, stack(0x00000021b9800000,0x00000021b9900000)]
  0x0000015afee70800 JavaThread "Unconstrained build operations Thread 38" [_thread_blocked, id=10872, stack(0x00000021b9900000,0x00000021b9a00000)]
  0x0000015afee71000 JavaThread "Unconstrained build operations Thread 39" [_thread_blocked, id=21688, stack(0x00000021b9a00000,0x00000021b9b00000)]
  0x0000015afee6e000 JavaThread "Unconstrained build operations Thread 40" [_thread_blocked, id=13452, stack(0x00000021b9b00000,0x00000021b9c00000)]
  0x0000015afee6d000 JavaThread "build event listener" [_thread_blocked, id=10936, stack(0x00000021b9c00000,0x00000021b9d00000)]
  0x0000015afee6e800 JavaThread "build event listener" [_thread_blocked, id=3768, stack(0x00000021b9d00000,0x00000021b9e00000)]
  0x0000015afee6b800 JavaThread "pool-6-thread-1" [_thread_blocked, id=9836, stack(0x00000021b9e00000,0x00000021b9f00000)]
  0x0000015afee72000 JavaThread "build event listener" [_thread_blocked, id=6192, stack(0x00000021ba000000,0x00000021ba100000)]
  0x0000015afee73000 JavaThread "Execution worker for ':'" [_thread_blocked, id=1896, stack(0x00000021ba200000,0x00000021ba300000)]
  0x0000015afe174800 JavaThread "Execution worker for ':' Thread 2" [_thread_blocked, id=14244, stack(0x00000021ba300000,0x00000021ba400000)]
  0x0000015afe176000 JavaThread "Execution worker for ':' Thread 3" [_thread_blocked, id=2060, stack(0x00000021ba400000,0x00000021ba500000)]
  0x0000015afe177000 JavaThread "Cache worker for execution history cache (C:\Users\salom\AndroidStudioProjects\TbcRevision2\.gradle\7.3.3\executionHistory)" [_thread_blocked, id=12304, stack(0x00000021ba500000,0x00000021ba600000)]
  0x0000015afe172800 JavaThread "WorkerExecutor Queue" [_thread_blocked, id=12336, stack(0x00000021ba600000,0x00000021ba700000)]
  0x0000015afe175000 JavaThread "WorkerExecutor Queue Thread 2" [_thread_blocked, id=14264, stack(0x00000021ba700000,0x00000021ba800000)]
  0x0000015afe172000 JavaThread "WorkerExecutor Queue Thread 3" [_thread_blocked, id=17732, stack(0x00000021ba800000,0x00000021ba900000)]
  0x0000015afe171000 JavaThread "WorkerExecutor Queue Thread 4" [_thread_blocked, id=22388, stack(0x00000021ba900000,0x00000021baa00000)]

Other Threads:
=>0x0000015afb109000 VMThread "VM Thread" [stack: 0x00000021b4d00000,0x00000021b4e00000] [id=21680]
  0x0000015afbc1c800 WatcherThread [stack: 0x00000021b5700000,0x00000021b5800000] [id=6360]
  0x0000015adf5af000 GCTaskThread "GC Thread#0" [stack: 0x00000021b4800000,0x00000021b4900000] [id=17168]
  0x0000015afc678800 GCTaskThread "GC Thread#1" [stack: 0x00000021b5900000,0x00000021b5a00000] [id=16892]
  0x0000015afc5fd000 GCTaskThread "GC Thread#2" [stack: 0x00000021b5a00000,0x00000021b5b00000] [id=13988]
  0x0000015afdf4f000 GCTaskThread "GC Thread#3" [stack: 0x00000021b6400000,0x00000021b6500000] [id=16768]
  0x0000015adf5de800 ConcurrentGCThread "G1 Main Marker" [stack: 0x00000021b4900000,0x00000021b4a00000] [id=6752]
  0x0000015adf5e0000 ConcurrentGCThread "G1 Conc#0" [stack: 0x00000021b4a00000,0x00000021b4b00000] [id=6004]
  0x0000015afaf50800 ConcurrentGCThread "G1 Refine#0" [stack: 0x00000021b4b00000,0x00000021b4c00000] [id=13052]
  0x0000015afaf51000 ConcurrentGCThread "G1 Young RemSet Sampling" [stack: 0x00000021b4c00000,0x00000021b4d00000] [id=2156]

Threads with active compile tasks:
C2 CompilerThread03550953 17167       4       com.android.aaptcompiler.StringPool::makeRefImpl (227 bytes)
C1 CompilerThread03550954 17230       2       com.android.aapt.Resources$Styleable$Entry$Builder::buildPartial (93 bytes)

VM state:at safepoint (normal execution)

VM Mutex/Monitor currently owned by a thread:  ([mutex/lock_event])
[0x0000015adf5966a0] Threads_lock - owner thread: 0x0000015afb109000
[0x0000015adf597300] Heap_lock - owner thread: 0x0000015afe175000

Heap address: 0x0000000080000000, size: 2048 MB, Compressed Oops mode: 32-bit
Narrow klass base: 0x0000000000000000, Narrow klass shift: 3
Compressed class space size: 1073741824 Address: 0x0000000100000000

Heap:
 garbage-first heap   total 273408K, used 142794K [0x0000000080000000, 0x0000000100000000)
  region size 1024K, 2 young (2048K), 2 survivors (2048K)
 Metaspace       used 124244K, capacity 126795K, committed 127104K, reserved 1161216K
  class space    used 15216K, capacity 16170K, committed 16256K, reserved 1048576K
Heap Regions: E=young(eden), S=young(survivor), O=old, HS=humongous(starts), HC=humongous(continues), CS=collection set, F=free, A=archive, TAMS=top-at-mark-start (previous, next)
|   0|0x0000000080000000, 0x0000000080100000, 0x0000000080100000|100%| O|  |TAMS 0x0000000080100000, 0x0000000080000000| Untracked 
|   1|0x0000000080100000, 0x0000000080200000, 0x0000000080200000|100%| O|  |TAMS 0x0000000080200000, 0x0000000080100000| Untracked 
|   2|0x0000000080200000, 0x0000000080300000, 0x0000000080300000|100%| O|  |TAMS 0x0000000080300000, 0x0000000080200000| Complete 
|   3|0x0000000080300000, 0x0000000080400000, 0x0000000080400000|100%|HS|  |TAMS 0x0000000080400000, 0x0000000080300000| Complete 
|   4|0x0000000080400000, 0x0000000080500000, 0x0000000080500000|100%|HC|  |TAMS 0x0000000080500000, 0x0000000080400000| Complete 
|   5|0x0000000080500000, 0x0000000080600000, 0x0000000080600000|100%|HC|  |TAMS 0x0000000080600000, 0x0000000080500000| Complete 
|   6|0x0000000080600000, 0x0000000080700000, 0x0000000080700000|100%| O|  |TAMS 0x0000000080700000, 0x0000000080600000| Untracked 
|   7|0x0000000080700000, 0x0000000080800000, 0x0000000080800000|100%| O|  |TAMS 0x0000000080800000, 0x0000000080700000| Untracked 
|   8|0x0000000080800000, 0x0000000080900000, 0x0000000080900000|100%| O|  |TAMS 0x0000000080900000, 0x0000000080800000| Untracked 
|   9|0x0000000080900000, 0x0000000080a00000, 0x0000000080a00000|100%| O|  |TAMS 0x0000000080a00000, 0x0000000080900000| Untracked 
|  10|0x0000000080a00000, 0x0000000080b00000, 0x0000000080b00000|100%| O|  |TAMS 0x0000000080b00000, 0x0000000080a00000| Untracked 
|  11|0x0000000080b00000, 0x0000000080c00000, 0x0000000080c00000|100%| O|  |TAMS 0x0000000080c00000, 0x0000000080b00000| Untracked 
|  12|0x0000000080c00000, 0x0000000080d00000, 0x0000000080d00000|100%| O|  |TAMS 0x0000000080d00000, 0x0000000080c00000| Complete 
|  13|0x0000000080d00000, 0x0000000080e00000, 0x0000000080e00000|100%| O|  |TAMS 0x0000000080e00000, 0x0000000080d00000| Untracked 
|  14|0x0000000080e00000, 0x0000000080f00000, 0x0000000080f00000|100%| O|  |TAMS 0x0000000080f00000, 0x0000000080e00000| Untracked 
|  15|0x0000000080f00000, 0x0000000081000000, 0x0000000081000000|100%| O|  |TAMS 0x0000000081000000, 0x0000000080f00000| Complete 
|  16|0x0000000081000000, 0x0000000081100000, 0x0000000081100000|100%|HS|  |TAMS 0x0000000081100000, 0x0000000081000000| Complete 
|  17|0x0000000081100000, 0x0000000081200000, 0x0000000081200000|100%|HC|  |TAMS 0x0000000081200000, 0x0000000081100000| Complete 
|  18|0x0000000081200000, 0x0000000081300000, 0x0000000081300000|100%|HS|  |TAMS 0x0000000081300000, 0x0000000081200000| Complete 
|  19|0x0000000081300000, 0x0000000081400000, 0x0000000081400000|100%|HC|  |TAMS 0x0000000081400000, 0x0000000081300000| Complete 
|  20|0x0000000081400000, 0x0000000081500000, 0x0000000081500000|100%|HC|  |TAMS 0x0000000081500000, 0x0000000081400000| Complete 
|  21|0x0000000081500000, 0x0000000081600000, 0x0000000081600000|100%|HS|  |TAMS 0x0000000081600000, 0x0000000081500000| Complete 
|  22|0x0000000081600000, 0x0000000081700000, 0x0000000081700000|100%|HS|  |TAMS 0x0000000081700000, 0x0000000081600000| Complete 
|  23|0x0000000081700000, 0x0000000081800000, 0x0000000081800000|100%|HC|  |TAMS 0x0000000081800000, 0x0000000081700000| Complete 
|  24|0x0000000081800000, 0x0000000081900000, 0x0000000081900000|100%|HC|  |TAMS 0x0000000081900000, 0x0000000081800000| Complete 
|  25|0x0000000081900000, 0x0000000081a00000, 0x0000000081a00000|100%|HC|  |TAMS 0x0000000081a00000, 0x0000000081900000| Complete 
|  26|0x0000000081a00000, 0x0000000081b00000, 0x0000000081b00000|100%| O|  |TAMS 0x0000000081b00000, 0x0000000081a00000| Complete 
|  27|0x0000000081b00000, 0x0000000081c00000, 0x0000000081c00000|100%| O|  |TAMS 0x0000000081c00000, 0x0000000081b00000| Untracked 
|  28|0x0000000081c00000, 0x0000000081d00000, 0x0000000081d00000|100%| O|  |TAMS 0x0000000081d00000, 0x0000000081c00000| Untracked 
|  29|0x0000000081d00000, 0x0000000081e00000, 0x0000000081e00000|100%| O|  |TAMS 0x0000000081e00000, 0x0000000081d00000| Untracked 
|  30|0x0000000081e00000, 0x0000000081f00000, 0x0000000081f00000|100%| O|  |TAMS 0x0000000081f00000, 0x0000000081e00000| Untracked 
|  31|0x0000000081f00000, 0x0000000082000000, 0x0000000082000000|100%| O|  |TAMS 0x0000000082000000, 0x0000000081f00000| Complete 
|  32|0x0000000082000000, 0x0000000082100000, 0x0000000082100000|100%| O|  |TAMS 0x0000000082100000, 0x0000000082000000| Untracked 
|  33|0x0000000082100000, 0x0000000082200000, 0x0000000082200000|100%| O|  |TAMS 0x0000000082200000, 0x0000000082100000| Complete 
|  34|0x0000000082200000, 0x0000000082300000, 0x0000000082300000|100%|HS|  |TAMS 0x0000000082300000, 0x0000000082200000| Complete 
|  35|0x0000000082300000, 0x0000000082400000, 0x0000000082400000|100%|HS|  |TAMS 0x0000000082400000, 0x0000000082300000| Complete 
|  36|0x0000000082400000, 0x0000000082500000, 0x0000000082500000|100%|HC|  |TAMS 0x0000000082500000, 0x0000000082400000| Complete 
|  37|0x0000000082500000, 0x0000000082600000, 0x0000000082600000|100%|HC|  |TAMS 0x0000000082600000, 0x0000000082500000| Complete 
|  38|0x0000000082600000, 0x0000000082700000, 0x0000000082700000|100%| O|  |TAMS 0x0000000082700000, 0x0000000082600000| Complete 
|  39|0x0000000082700000, 0x0000000082800000, 0x0000000082800000|100%| O|  |TAMS 0x0000000082800000, 0x0000000082700000| Complete 
|  40|0x0000000082800000, 0x0000000082800000, 0x0000000082900000|  0%| F|  |TAMS 0x0000000082800000, 0x0000000082800000| Untracked 
|  41|0x0000000082900000, 0x0000000082a00000, 0x0000000082a00000|100%| O|  |TAMS 0x0000000082a00000, 0x0000000082900000| Complete 
|  42|0x0000000082a00000, 0x0000000082b00000, 0x0000000082b00000|100%| O|  |TAMS 0x0000000082b00000, 0x0000000082a00000| Untracked 
|  43|0x0000000082b00000, 0x0000000082c00000, 0x0000000082c00000|100%| O|  |TAMS 0x0000000082c00000, 0x0000000082b00000| Untracked 
|  44|0x0000000082c00000, 0x0000000082d00000, 0x0000000082d00000|100%| O|  |TAMS 0x0000000082d00000, 0x0000000082c00000| Untracked 
|  45|0x0000000082d00000, 0x0000000082e00000, 0x0000000082e00000|100%|HS|  |TAMS 0x0000000082e00000, 0x0000000082d00000| Complete 
|  46|0x0000000082e00000, 0x0000000082f00000, 0x0000000082f00000|100%|HC|  |TAMS 0x0000000082f00000, 0x0000000082e00000| Complete 
|  47|0x0000000082f00000, 0x0000000083000000, 0x0000000083000000|100%|HC|  |TAMS 0x0000000083000000, 0x0000000082f00000| Complete 
|  48|0x0000000083000000, 0x0000000083100000, 0x0000000083100000|100%|HC|  |TAMS 0x0000000083100000, 0x0000000083000000| Complete 
|  49|0x0000000083100000, 0x0000000083100000, 0x0000000083200000|  0%| F|  |TAMS 0x0000000083100000, 0x0000000083100000| Untracked 
|  50|0x0000000083200000, 0x0000000083300000, 0x0000000083300000|100%| O|  |TAMS 0x0000000083200000, 0x0000000083200000| Untracked 
|  51|0x0000000083300000, 0x0000000083400000, 0x0000000083400000|100%|HS|  |TAMS 0x0000000083400000, 0x0000000083300000| Complete 
|  52|0x0000000083400000, 0x0000000083500000, 0x0000000083500000|100%|HS|  |TAMS 0x0000000083500000, 0x0000000083400000| Complete 
|  53|0x0000000083500000, 0x0000000083600000, 0x0000000083600000|100%|HS|  |TAMS 0x0000000083600000, 0x0000000083500000| Complete 
|  54|0x0000000083600000, 0x0000000083700000, 0x0000000083700000|100%|HS|  |TAMS 0x0000000083700000, 0x0000000083600000| Complete 
|  55|0x0000000083700000, 0x0000000083800000, 0x0000000083800000|100%|HC|  |TAMS 0x0000000083800000, 0x0000000083700000| Complete 
|  56|0x0000000083800000, 0x0000000083900000, 0x0000000083900000|100%|HC|  |TAMS 0x0000000083900000, 0x0000000083800000| Complete 
|  57|0x0000000083900000, 0x0000000083a00000, 0x0000000083a00000|100%|HS|  |TAMS 0x0000000083a00000, 0x0000000083900000| Complete 
|  58|0x0000000083a00000, 0x0000000083b00000, 0x0000000083b00000|100%|HC|  |TAMS 0x0000000083b00000, 0x0000000083a00000| Complete 
|  59|0x0000000083b00000, 0x0000000083c00000, 0x0000000083c00000|100%| O|  |TAMS 0x0000000083c00000, 0x0000000083b00000| Complete 
|  60|0x0000000083c00000, 0x0000000083d00000, 0x0000000083d00000|100%| O|  |TAMS 0x0000000083d00000, 0x0000000083c00000| Complete 
|  61|0x0000000083d00000, 0x0000000083e00000, 0x0000000083e00000|100%| O|  |TAMS 0x0000000083e00000, 0x0000000083d00000| Untracked 
|  62|0x0000000083e00000, 0x0000000083f00000, 0x0000000083f00000|100%| O|  |TAMS 0x0000000083f00000, 0x0000000083e00000| Complete 
|  63|0x0000000083f00000, 0x0000000083f00000, 0x0000000084000000|  0%| F|  |TAMS 0x0000000083f00000, 0x0000000083f00000| Untracked 
|  64|0x0000000084000000, 0x0000000084100000, 0x0000000084100000|100%| O|  |TAMS 0x0000000084100000, 0x0000000084000000| Complete 
|  65|0x0000000084100000, 0x0000000084100000, 0x0000000084200000|  0%| F|  |TAMS 0x0000000084100000, 0x0000000084100000| Untracked 
|  66|0x0000000084200000, 0x0000000084300000, 0x0000000084300000|100%| O|  |TAMS 0x0000000084300000, 0x0000000084200000| Untracked 
|  67|0x0000000084300000, 0x0000000084400000, 0x0000000084400000|100%| O|  |TAMS 0x0000000084400000, 0x0000000084300000| Untracked 
|  68|0x0000000084400000, 0x0000000084500000, 0x0000000084500000|100%| O|  |TAMS 0x0000000084500000, 0x0000000084400000| Complete 
|  69|0x0000000084500000, 0x0000000084600000, 0x0000000084600000|100%| O|  |TAMS 0x0000000084600000, 0x0000000084500000| Untracked 
|  70|0x0000000084600000, 0x0000000084700000, 0x0000000084700000|100%| O|  |TAMS 0x0000000084700000, 0x0000000084600000| Untracked 
|  71|0x0000000084700000, 0x0000000084800000, 0x0000000084800000|100%| O|  |TAMS 0x0000000084800000, 0x0000000084700000| Untracked 
|  72|0x0000000084800000, 0x0000000084900000, 0x0000000084900000|100%| O|  |TAMS 0x0000000084900000, 0x0000000084800000| Untracked 
|  73|0x0000000084900000, 0x0000000084a00000, 0x0000000084a00000|100%| O|  |TAMS 0x0000000084a00000, 0x0000000084900000| Untracked 
|  74|0x0000000084a00000, 0x0000000084a00000, 0x0000000084b00000|  0%| F|  |TAMS 0x0000000084a00000, 0x0000000084a00000| Untracked 
|  75|0x0000000084b00000, 0x0000000084c00000, 0x0000000084c00000|100%| O|  |TAMS 0x0000000084c00000, 0x0000000084b00000| Untracked 
|  76|0x0000000084c00000, 0x0000000084d00000, 0x0000000084d00000|100%| O|  |TAMS 0x0000000084d00000, 0x0000000084c00000| Complete 
|  77|0x0000000084d00000, 0x0000000084e00000, 0x0000000084e00000|100%| O|  |TAMS 0x0000000084e00000, 0x0000000084d00000| Complete 
|  78|0x0000000084e00000, 0x0000000084f00000, 0x0000000084f00000|100%| O|  |TAMS 0x0000000084f00000, 0x0000000084e00000| Complete 
|  79|0x0000000084f00000, 0x0000000085000000, 0x0000000085000000|100%| O|  |TAMS 0x0000000085000000, 0x0000000084f00000| Complete 
|  80|0x0000000085000000, 0x0000000085100000, 0x0000000085100000|100%| O|  |TAMS 0x0000000085100000, 0x0000000085000000| Untracked 
|  81|0x0000000085100000, 0x0000000085200000, 0x0000000085200000|100%| O|  |TAMS 0x0000000085200000, 0x0000000085100000| Untracked 
|  82|0x0000000085200000, 0x0000000085300000, 0x0000000085300000|100%| O|  |TAMS 0x0000000085300000, 0x0000000085200000| Untracked 
|  83|0x0000000085300000, 0x0000000085300000, 0x0000000085400000|  0%| F|  |TAMS 0x0000000085300000, 0x0000000085300000| Untracked 
|  84|0x0000000085400000, 0x0000000085500000, 0x0000000085500000|100%| O|  |TAMS 0x0000000085400000, 0x0000000085400000| Untracked 
|  85|0x0000000085500000, 0x0000000085500000, 0x0000000085600000|  0%| F|  |TAMS 0x0000000085500000, 0x0000000085500000| Untracked 
|  86|0x0000000085600000, 0x0000000085700000, 0x0000000085700000|100%| O|  |TAMS 0x0000000085700000, 0x0000000085600000| Untracked 
|  87|0x0000000085700000, 0x0000000085800000, 0x0000000085800000|100%| O|  |TAMS 0x0000000085700000, 0x0000000085700000| Untracked 
|  88|0x0000000085800000, 0x0000000085900000, 0x0000000085900000|100%| O|  |TAMS 0x0000000085900000, 0x0000000085800000| Untracked 
|  89|0x0000000085900000, 0x0000000085a00000, 0x0000000085a00000|100%| O|  |TAMS 0x0000000085a00000, 0x0000000085900000| Complete 
|  90|0x0000000085a00000, 0x0000000085b00000, 0x0000000085b00000|100%| O|  |TAMS 0x0000000085b00000, 0x0000000085a00000| Complete 
|  91|0x0000000085b00000, 0x0000000085b00000, 0x0000000085c00000|  0%| F|  |TAMS 0x0000000085b00000, 0x0000000085b00000| Untracked 
|  92|0x0000000085c00000, 0x0000000085d00000, 0x0000000085d00000|100%| O|  |TAMS 0x0000000085d00000, 0x0000000085c00000| Complete 
|  93|0x0000000085d00000, 0x0000000085e00000, 0x0000000085e00000|100%| O|  |TAMS 0x0000000085e00000, 0x0000000085d00000| Untracked 
|  94|0x0000000085e00000, 0x0000000085f00000, 0x0000000085f00000|100%|HS|  |TAMS 0x0000000085f00000, 0x0000000085e00000| Complete 
|  95|0x0000000085f00000, 0x0000000086000000, 0x0000000086000000|100%|HC|  |TAMS 0x0000000086000000, 0x0000000085f00000| Complete 
|  96|0x0000000086000000, 0x0000000086100000, 0x0000000086100000|100%|HS|  |TAMS 0x0000000086100000, 0x0000000086000000| Complete 
|  97|0x0000000086100000, 0x0000000086200000, 0x0000000086200000|100%|HC|  |TAMS 0x0000000086200000, 0x0000000086100000| Complete 
|  98|0x0000000086200000, 0x0000000086300000, 0x0000000086300000|100%|HC|  |TAMS 0x0000000086300000, 0x0000000086200000| Complete 
|  99|0x0000000086300000, 0x0000000086400000, 0x0000000086400000|100%|HS|  |TAMS 0x0000000086400000, 0x0000000086300000| Complete 
| 100|0x0000000086400000, 0x0000000086500000, 0x0000000086500000|100%|HS|  |TAMS 0x0000000086500000, 0x0000000086400000| Complete 
| 101|0x0000000086500000, 0x0000000086600000, 0x0000000086600000|100%|HC|  |TAMS 0x0000000086600000, 0x0000000086500000| Complete 
| 102|0x0000000086600000, 0x0000000086700000, 0x0000000086700000|100%|HC|  |TAMS 0x0000000086700000, 0x0000000086600000| Complete 
| 103|0x0000000086700000, 0x0000000086800000, 0x0000000086800000|100%|HC|  |TAMS 0x0000000086800000, 0x0000000086700000| Complete 
| 104|0x0000000086800000, 0x0000000086900000, 0x0000000086900000|100%| O|  |TAMS 0x0000000086900000, 0x0000000086800000| Complete 
| 105|0x0000000086900000, 0x0000000086a00000, 0x0000000086a00000|100%| O|  |TAMS 0x0000000086a00000, 0x0000000086900000| Untracked 
| 106|0x0000000086a00000, 0x0000000086b00000, 0x0000000086b00000|100%| O|  |TAMS 0x0000000086b00000, 0x0000000086a00000| Untracked 
| 107|0x0000000086b00000, 0x0000000086c00000, 0x0000000086c00000|100%| O|  |TAMS 0x0000000086c00000, 0x0000000086b00000| Complete 
| 108|0x0000000086c00000, 0x0000000086d00000, 0x0000000086d00000|100%| O|  |TAMS 0x0000000086c00000, 0x0000000086c00000| Untracked 
| 109|0x0000000086d00000, 0x0000000086e00000, 0x0000000086e00000|100%| O|  |TAMS 0x0000000086d00000, 0x0000000086d00000| Untracked 
| 110|0x0000000086e00000, 0x0000000086f00000, 0x0000000086f00000|100%| O|  |TAMS 0x0000000086f00000, 0x0000000086e00000| Untracked 
| 111|0x0000000086f00000, 0x0000000086f00000, 0x0000000087000000|  0%| F|  |TAMS 0x0000000086f00000, 0x0000000086f00000| Untracked 
| 112|0x0000000087000000, 0x0000000087100000, 0x0000000087100000|100%| O|  |TAMS 0x0000000087100000, 0x0000000087000000| Complete 
| 113|0x0000000087100000, 0x0000000087200000, 0x0000000087200000|100%| O|  |TAMS 0x0000000087200000, 0x0000000087100000| Complete 
| 114|0x0000000087200000, 0x0000000087300000, 0x0000000087300000|100%| O|  |TAMS 0x0000000087300000, 0x0000000087200000| Complete 
| 115|0x0000000087300000, 0x0000000087400000, 0x0000000087400000|100%| O|  |TAMS 0x0000000087300000, 0x0000000087300000| Untracked 
| 116|0x0000000087400000, 0x0000000087500000, 0x0000000087500000|100%| O|  |TAMS 0x0000000087500000, 0x0000000087400000| Complete 
| 117|0x0000000087500000, 0x0000000087600000, 0x0000000087600000|100%| O|  |TAMS 0x0000000087500000, 0x0000000087500000| Untracked 
| 118|0x0000000087600000, 0x0000000087700000, 0x0000000087700000|100%| O|  |TAMS 0x0000000087600000, 0x0000000087600000| Untracked 
| 119|0x0000000087700000, 0x0000000087784a00, 0x0000000087800000| 51%| O|  |TAMS 0x0000000087700000, 0x0000000087700000| Untracked 
| 120|0x0000000087800000, 0x0000000087900000, 0x0000000087900000|100%| O|  |TAMS 0x0000000087900000, 0x0000000087800000| Untracked 
| 121|0x0000000087900000, 0x0000000087900000, 0x0000000087a00000|  0%| F|  |TAMS 0x0000000087900000, 0x0000000087900000| Untracked 
| 122|0x0000000087a00000, 0x0000000087a00000, 0x0000000087b00000|  0%| F|  |TAMS 0x0000000087a00000, 0x0000000087a00000| Untracked 
| 123|0x0000000087b00000, 0x0000000087c00000, 0x0000000087c00000|100%| O|  |TAMS 0x0000000087c00000, 0x0000000087b00000| Complete 
| 124|0x0000000087c00000, 0x0000000087d00000, 0x0000000087d00000|100%| O|  |TAMS 0x0000000087d00000, 0x0000000087c00000| Untracked 
| 125|0x0000000087d00000, 0x0000000087e00000, 0x0000000087e00000|100%| O|  |TAMS 0x0000000087e00000, 0x0000000087d00000| Untracked 
| 126|0x0000000087e00000, 0x0000000087e00000, 0x0000000087f00000|  0%| F|  |TAMS 0x0000000087e00000, 0x0000000087e00000| Untracked 
| 127|0x0000000087f00000, 0x0000000088000000, 0x0000000088000000|100%| O|  |TAMS 0x0000000088000000, 0x0000000087f00000| Untracked 
| 128|0x0000000088000000, 0x0000000088100000, 0x0000000088100000|100%| O|  |TAMS 0x0000000088100000, 0x0000000088000000| Complete 
| 129|0x0000000088100000, 0x0000000088200000, 0x0000000088200000|100%| O|  |TAMS 0x0000000088200000, 0x0000000088100000| Complete 
| 130|0x0000000088200000, 0x0000000088300000, 0x0000000088300000|100%| O|  |TAMS 0x0000000088300000, 0x0000000088200000| Untracked 
| 131|0x0000000088300000, 0x0000000088400000, 0x0000000088400000|100%| O|  |TAMS 0x0000000088400000, 0x0000000088300000| Complete 
| 132|0x0000000088400000, 0x0000000088500000, 0x0000000088500000|100%| O|  |TAMS 0x0000000088500000, 0x0000000088400000| Complete 
| 133|0x0000000088500000, 0x0000000088600000, 0x0000000088600000|100%| O|  |TAMS 0x0000000088600000, 0x0000000088500000| Untracked 
| 134|0x0000000088600000, 0x0000000088700000, 0x0000000088700000|100%| O|  |TAMS 0x0000000088700000, 0x0000000088600000| Complete 
| 135|0x0000000088700000, 0x0000000088800000, 0x0000000088800000|100%| O|  |TAMS 0x0000000088800000, 0x0000000088700000| Untracked 
| 136|0x0000000088800000, 0x0000000088900000, 0x0000000088900000|100%| O|  |TAMS 0x0000000088900000, 0x0000000088800000| Untracked 
| 137|0x0000000088900000, 0x0000000088a00000, 0x0000000088a00000|100%| O|  |TAMS 0x0000000088a00000, 0x0000000088900000| Untracked 
| 138|0x0000000088a00000, 0x0000000088b00000, 0x0000000088b00000|100%| O|  |TAMS 0x0000000088b00000, 0x0000000088a00000| Untracked 
| 139|0x0000000088b00000, 0x0000000088c00000, 0x0000000088c00000|100%| O|  |TAMS 0x0000000088c00000, 0x0000000088b00000| Untracked 
| 140|0x0000000088c00000, 0x0000000088d00000, 0x0000000088d00000|100%| O|  |TAMS 0x0000000088d00000, 0x0000000088c00000| Untracked 
| 141|0x0000000088d00000, 0x0000000088e00000, 0x0000000088e00000|100%| O|  |TAMS 0x0000000088e00000, 0x0000000088d00000| Untracked 
| 142|0x0000000088e00000, 0x0000000088e00000, 0x0000000088f00000|  0%| F|  |TAMS 0x0000000088e00000, 0x0000000088e00000| Untracked 
| 143|0x0000000088f00000, 0x0000000088f00000, 0x0000000089000000|  0%| F|  |TAMS 0x0000000088f00000, 0x0000000088f00000| Untracked 
| 144|0x0000000089000000, 0x0000000089000000, 0x0000000089100000|  0%| F|  |TAMS 0x0000000089000000, 0x0000000089000000| Untracked 
| 145|0x0000000089100000, 0x0000000089200000, 0x0000000089200000|100%| O|  |TAMS 0x0000000089200000, 0x0000000089100000| Complete 
| 146|0x0000000089200000, 0x0000000089300000, 0x0000000089300000|100%| O|  |TAMS 0x0000000089300000, 0x0000000089200000| Complete 
| 147|0x0000000089300000, 0x0000000089300000, 0x0000000089400000|  0%| F|  |TAMS 0x0000000089300000, 0x0000000089300000| Untracked 
| 148|0x0000000089400000, 0x0000000089500000, 0x0000000089500000|100%| O|  |TAMS 0x0000000089500000, 0x0000000089400000| Untracked 
| 149|0x0000000089500000, 0x0000000089600000, 0x0000000089600000|100%| O|  |TAMS 0x0000000089600000, 0x0000000089500000| Untracked 
| 150|0x0000000089600000, 0x0000000089700000, 0x0000000089700000|100%| O|  |TAMS 0x0000000089700000, 0x0000000089600000| Untracked 
| 151|0x0000000089700000, 0x0000000089800000, 0x0000000089800000|100%| O|  |TAMS 0x0000000089750e00, 0x0000000089700000| Untracked 
| 152|0x0000000089800000, 0x0000000089800000, 0x0000000089900000|  0%| F|  |TAMS 0x0000000089800000, 0x0000000089800000| Untracked 
| 153|0x0000000089900000, 0x0000000089a00000, 0x0000000089a00000|100%| O|  |TAMS 0x0000000089a00000, 0x0000000089900000| Complete 
| 154|0x0000000089a00000, 0x0000000089a00000, 0x0000000089b00000|  0%| F|  |TAMS 0x0000000089a00000, 0x0000000089a00000| Untracked 
| 155|0x0000000089b00000, 0x0000000089b00000, 0x0000000089c00000|  0%| F|  |TAMS 0x0000000089b00000, 0x0000000089b00000| Untracked 
| 156|0x0000000089c00000, 0x0000000089c00000, 0x0000000089d00000|  0%| F|  |TAMS 0x0000000089c00000, 0x0000000089c00000| Untracked 
| 157|0x0000000089d00000, 0x0000000089d00000, 0x0000000089e00000|  0%| F|  |TAMS 0x0000000089d00000, 0x0000000089d00000| Untracked 
| 158|0x0000000089e00000, 0x0000000089e00000, 0x0000000089f00000|  0%| F|  |TAMS 0x0000000089e00000, 0x0000000089e00000| Untracked 
| 159|0x0000000089f00000, 0x0000000089f00000, 0x000000008a000000|  0%| F|  |TAMS 0x0000000089f00000, 0x0000000089f00000| Untracked 
| 160|0x000000008a000000, 0x000000008a000000, 0x000000008a100000|  0%| F|  |TAMS 0x000000008a000000, 0x000000008a000000| Untracked 
| 161|0x000000008a100000, 0x000000008a100000, 0x000000008a200000|  0%| F|  |TAMS 0x000000008a100000, 0x000000008a100000| Untracked 
| 162|0x000000008a200000, 0x000000008a200000, 0x000000008a300000|  0%| F|  |TAMS 0x000000008a200000, 0x000000008a200000| Untracked 
| 163|0x000000008a300000, 0x000000008a300000, 0x000000008a400000|  0%| F|  |TAMS 0x000000008a300000, 0x000000008a300000| Untracked 
| 164|0x000000008a400000, 0x000000008a400000, 0x000000008a500000|  0%| F|  |TAMS 0x000000008a400000, 0x000000008a400000| Untracked 
| 165|0x000000008a500000, 0x000000008a500000, 0x000000008a600000|  0%| F|  |TAMS 0x000000008a500000, 0x000000008a500000| Untracked 
| 166|0x000000008a600000, 0x000000008a600000, 0x000000008a700000|  0%| F|  |TAMS 0x000000008a600000, 0x000000008a600000| Untracked 
| 167|0x000000008a700000, 0x000000008a700000, 0x000000008a800000|  0%| F|  |TAMS 0x000000008a700000, 0x000000008a700000| Untracked 
| 168|0x000000008a800000, 0x000000008a900000, 0x000000008a900000|100%| O|  |TAMS 0x000000008a900000, 0x000000008a800000| Untracked 
| 169|0x000000008a900000, 0x000000008a900000, 0x000000008aa00000|  0%| F|  |TAMS 0x000000008a900000, 0x000000008a900000| Untracked 
| 170|0x000000008aa00000, 0x000000008aa00000, 0x000000008ab00000|  0%| F|  |TAMS 0x000000008aa00000, 0x000000008aa00000| Untracked 
| 171|0x000000008ab00000, 0x000000008ab00000, 0x000000008ac00000|  0%| F|  |TAMS 0x000000008ab00000, 0x000000008ab00000| Untracked 
| 172|0x000000008ac00000, 0x000000008ac00000, 0x000000008ad00000|  0%| F|  |TAMS 0x000000008ac00000, 0x000000008ac00000| Untracked 
| 173|0x000000008ad00000, 0x000000008ad00000, 0x000000008ae00000|  0%| F|  |TAMS 0x000000008ad00000, 0x000000008ad00000| Untracked 
| 174|0x000000008ae00000, 0x000000008ae00000, 0x000000008af00000|  0%| F|  |TAMS 0x000000008ae00000, 0x000000008ae00000| Untracked 
| 175|0x000000008af00000, 0x000000008af00000, 0x000000008b000000|  0%| F|  |TAMS 0x000000008af00000, 0x000000008af00000| Untracked 
| 176|0x000000008b000000, 0x000000008b000000, 0x000000008b100000|  0%| F|  |TAMS 0x000000008b000000, 0x000000008b000000| Untracked 
| 177|0x000000008b100000, 0x000000008b100000, 0x000000008b200000|  0%| F|  |TAMS 0x000000008b100000, 0x000000008b100000| Untracked 
| 178|0x000000008b200000, 0x000000008b200000, 0x000000008b300000|  0%| F|  |TAMS 0x000000008b200000, 0x000000008b200000| Untracked 
| 179|0x000000008b300000, 0x000000008b300000, 0x000000008b400000|  0%| F|  |TAMS 0x000000008b300000, 0x000000008b300000| Untracked 
| 180|0x000000008b400000, 0x000000008b400000, 0x000000008b500000|  0%| F|  |TAMS 0x000000008b400000, 0x000000008b400000| Untracked 
| 181|0x000000008b500000, 0x000000008b500000, 0x000000008b600000|  0%| F|  |TAMS 0x000000008b500000, 0x000000008b500000| Untracked 
| 182|0x000000008b600000, 0x000000008b600000, 0x000000008b700000|  0%| F|  |TAMS 0x000000008b600000, 0x000000008b600000| Untracked 
| 183|0x000000008b700000, 0x000000008b700000, 0x000000008b800000|  0%| F|  |TAMS 0x000000008b700000, 0x000000008b700000| Untracked 
| 184|0x000000008b800000, 0x000000008b800000, 0x000000008b900000|  0%| F|  |TAMS 0x000000008b800000, 0x000000008b800000| Untracked 
| 185|0x000000008b900000, 0x000000008b900000, 0x000000008ba00000|  0%| F|  |TAMS 0x000000008b900000, 0x000000008b900000| Untracked 
| 186|0x000000008ba00000, 0x000000008ba00000, 0x000000008bb00000|  0%| F|  |TAMS 0x000000008ba00000, 0x000000008ba00000| Untracked 
| 187|0x000000008bb00000, 0x000000008bb00000, 0x000000008bc00000|  0%| F|  |TAMS 0x000000008bb00000, 0x000000008bb00000| Untracked 
| 188|0x000000008bc00000, 0x000000008bc00000, 0x000000008bd00000|  0%| F|  |TAMS 0x000000008bc00000, 0x000000008bc00000| Untracked 
| 189|0x000000008bd00000, 0x000000008bd00000, 0x000000008be00000|  0%| F|  |TAMS 0x000000008bd00000, 0x000000008bd00000| Untracked 
| 190|0x000000008be00000, 0x000000008be00000, 0x000000008bf00000|  0%| F|  |TAMS 0x000000008be00000, 0x000000008be00000| Untracked 
| 191|0x000000008bf00000, 0x000000008bf00000, 0x000000008c000000|  0%| F|  |TAMS 0x000000008bf00000, 0x000000008bf00000| Untracked 
| 192|0x000000008c000000, 0x000000008c000000, 0x000000008c100000|  0%| F|  |TAMS 0x000000008c000000, 0x000000008c000000| Untracked 
| 193|0x000000008c100000, 0x000000008c100000, 0x000000008c200000|  0%| F|  |TAMS 0x000000008c100000, 0x000000008c100000| Untracked 
| 194|0x000000008c200000, 0x000000008c200000, 0x000000008c300000|  0%| F|  |TAMS 0x000000008c200000, 0x000000008c200000| Untracked 
| 195|0x000000008c300000, 0x000000008c300000, 0x000000008c400000|  0%| F|  |TAMS 0x000000008c300000, 0x000000008c300000| Untracked 
| 196|0x000000008c400000, 0x000000008c400000, 0x000000008c500000|  0%| F|  |TAMS 0x000000008c400000, 0x000000008c400000| Untracked 
| 197|0x000000008c500000, 0x000000008c500000, 0x000000008c600000|  0%| F|  |TAMS 0x000000008c500000, 0x000000008c500000| Untracked 
| 198|0x000000008c600000, 0x000000008c600000, 0x000000008c700000|  0%| F|  |TAMS 0x000000008c600000, 0x000000008c600000| Untracked 
| 199|0x000000008c700000, 0x000000008c700000, 0x000000008c800000|  0%| F|  |TAMS 0x000000008c700000, 0x000000008c700000| Untracked 
| 200|0x000000008c800000, 0x000000008c800000, 0x000000008c900000|  0%| F|  |TAMS 0x000000008c800000, 0x000000008c800000| Untracked 
| 201|0x000000008c900000, 0x000000008c900000, 0x000000008ca00000|  0%| F|  |TAMS 0x000000008c900000, 0x000000008c900000| Untracked 
| 202|0x000000008ca00000, 0x000000008ca00000, 0x000000008cb00000|  0%| F|  |TAMS 0x000000008ca00000, 0x000000008ca00000| Untracked 
| 203|0x000000008cb00000, 0x000000008cb00000, 0x000000008cc00000|  0%| F|  |TAMS 0x000000008cb00000, 0x000000008cb00000| Untracked 
| 204|0x000000008cc00000, 0x000000008cc00000, 0x000000008cd00000|  0%| F|  |TAMS 0x000000008cc00000, 0x000000008cc00000| Untracked 
| 205|0x000000008cd00000, 0x000000008cd00000, 0x000000008ce00000|  0%| F|  |TAMS 0x000000008cd00000, 0x000000008cd00000| Untracked 
| 206|0x000000008ce00000, 0x000000008ce00000, 0x000000008cf00000|  0%| F|  |TAMS 0x000000008ce00000, 0x000000008ce00000| Untracked 
| 207|0x000000008cf00000, 0x000000008cf00000, 0x000000008d000000|  0%| F|  |TAMS 0x000000008cf00000, 0x000000008cf00000| Untracked 
| 208|0x000000008d000000, 0x000000008d000000, 0x000000008d100000|  0%| F|  |TAMS 0x000000008d000000, 0x000000008d000000| Untracked 
| 209|0x000000008d100000, 0x000000008d100000, 0x000000008d200000|  0%| F|  |TAMS 0x000000008d100000, 0x000000008d100000| Untracked 
| 210|0x000000008d200000, 0x000000008d200000, 0x000000008d300000|  0%| F|  |TAMS 0x000000008d200000, 0x000000008d200000| Untracked 
| 211|0x000000008d300000, 0x000000008d300000, 0x000000008d400000|  0%| F|  |TAMS 0x000000008d300000, 0x000000008d300000| Untracked 
| 212|0x000000008d400000, 0x000000008d400000, 0x000000008d500000|  0%| F|  |TAMS 0x000000008d400000, 0x000000008d400000| Untracked 
| 213|0x000000008d500000, 0x000000008d5ee160, 0x000000008d600000| 93%| S|CS|TAMS 0x000000008d500000, 0x000000008d500000| Complete 
| 214|0x000000008d600000, 0x000000008d700000, 0x000000008d700000|100%| S|CS|TAMS 0x000000008d600000, 0x000000008d600000| Complete 
| 215|0x000000008d700000, 0x000000008d700000, 0x000000008d800000|  0%| F|  |TAMS 0x000000008d700000, 0x000000008d700000| Untracked 
| 216|0x000000008d800000, 0x000000008d800000, 0x000000008d900000|  0%| F|  |TAMS 0x000000008d800000, 0x000000008d800000| Untracked 
| 217|0x000000008d900000, 0x000000008d900000, 0x000000008da00000|  0%| F|  |TAMS 0x000000008d900000, 0x000000008d900000| Untracked 
| 218|0x000000008da00000, 0x000000008da00000, 0x000000008db00000|  0%| F|  |TAMS 0x000000008da00000, 0x000000008da00000| Untracked 
| 219|0x000000008db00000, 0x000000008db00000, 0x000000008dc00000|  0%| F|  |TAMS 0x000000008db00000, 0x000000008db00000| Untracked 
| 220|0x000000008dc00000, 0x000000008dc00000, 0x000000008dd00000|  0%| F|  |TAMS 0x000000008dc00000, 0x000000008dc00000| Untracked 
| 221|0x000000008dd00000, 0x000000008dd00000, 0x000000008de00000|  0%| F|  |TAMS 0x000000008dd00000, 0x000000008dd00000| Untracked 

Card table byte_map: [0x0000015af42c0000,0x0000015af46c0000] _byte_map_base: 0x0000015af3ec0000

Marking Bits (Prev, Next): (CMBitMap*) 0x0000015adf5d5b88, (CMBitMap*) 0x0000015adf5d5bc0
 Prev Bits: [0x0000015af4ac0000, 0x0000015af6ac0000)
 Next Bits: [0x0000015af6ac0000, 0x0000015af8ac0000)

Polling page: 0x0000015adf670000

Metaspace:

Usage:
  Non-class:    108.03 MB capacity,   106.47 MB ( 99%) used,     1.25 MB (  1%) free+waste,   317.13 KB ( <1%) overhead. 
      Class:     15.79 MB capacity,    14.86 MB ( 94%) used,   817.97 KB (  5%) free+waste,   135.44 KB ( <1%) overhead. 
       Both:    123.82 MB capacity,   121.33 MB ( 98%) used,     2.05 MB (  2%) free+waste,   452.56 KB ( <1%) overhead. 

Virtual space:
  Non-class space:      110.00 MB reserved,     108.25 MB ( 98%) committed 
      Class space:        1.00 GB reserved,      15.88 MB (  2%) committed 
             Both:        1.11 GB reserved,     124.13 MB ( 11%) committed 

Chunk freelists:
   Non-Class:  95.00 KB
       Class:  54.00 KB
        Both:  149.00 KB

MaxMetaspaceSize: 17179869184.00 GB
CompressedClassSpaceSize: 1.00 GB
Initial GC threshold: 20.80 MB
Current GC threshold: 206.04 MB
CDS: off

CodeHeap 'non-profiled nmethods': size=120064Kb used=12142Kb max_used=12142Kb free=107921Kb
 bounds [0x0000015aec330000, 0x0000015aecf10000, 0x0000015af3870000]
CodeHeap 'profiled nmethods': size=120000Kb used=39444Kb max_used=39444Kb free=80555Kb
 bounds [0x0000015ae4e00000, 0x0000015ae7490000, 0x0000015aec330000]
CodeHeap 'non-nmethods': size=5696Kb used=2486Kb max_used=2526Kb free=3209Kb
 bounds [0x0000015ae4870000, 0x0000015ae4b00000, 0x0000015ae4e00000]
 total_blobs=18069 nmethods=17083 adapters=895
 compilation: enabled
              stopped_count=0, restarted_count=0
 full_count=0

Compilation events (20 events):
Event: 3550.613 Thread 0x0000015afb131800 nmethod 17216 0x0000015ae7481b10 code [0x0000015ae7481d60, 0x0000015ae74828e8]
Event: 3550.633 Thread 0x0000015afb131800 17217       1       com.android.aaptcompiler.buffer.BigBuffer::getSize (5 bytes)
Event: 3550.633 Thread 0x0000015afb131800 nmethod 17217 0x0000015aecf0b310 code [0x0000015aecf0b4c0, 0x0000015aecf0b578]
Event: 3550.649 Thread 0x0000015afb131800 17219       1       com.ctc.wstx.util.EmptyNamespaceContext::doGetNamespaceURI (2 bytes)
Event: 3550.649 Thread 0x0000015afb131800 nmethod 17219 0x0000015aecf0b610 code [0x0000015aecf0b7c0, 0x0000015aecf0b878]
Event: 3550.654 Thread 0x0000015afb131800 17222       2       com.android.aapt.Resources$Styleable$Entry::newBuilder (7 bytes)
Event: 3550.654 Thread 0x0000015afb131800 nmethod 17222 0x0000015ae7482c10 code [0x0000015ae7482dc0, 0x0000015ae7482ff8]
Event: 3550.654 Thread 0x0000015afb131800 17223       2       com.android.aapt.Resources$Styleable$Entry::toBuilder (31 bytes)
Event: 3550.655 Thread 0x0000015afb131800 nmethod 17223 0x0000015ae7483090 code [0x0000015ae7483280, 0x0000015ae7483668]
Event: 3550.655 Thread 0x0000015afb131800 17224       2       com.android.aapt.Resources$Styleable$Entry$Builder::build (19 bytes)
Event: 3550.655 Thread 0x0000015afb131800 nmethod 17224 0x0000015ae7483710 code [0x0000015ae74838e0, 0x0000015ae7483b08]
Event: 3550.655 Thread 0x0000015afb131800 17225       2       com.android.aapt.Resources$Styleable$Entry$Builder::setSource (42 bytes)
Event: 3550.655 Thread 0x0000015afb131800 nmethod 17225 0x0000015ae7483c90 code [0x0000015ae7483e60, 0x0000015ae7484108]
Event: 3550.655 Thread 0x0000015afb131800 17226       2       com.android.aapt.Resources$Styleable$Entry$Builder::setComment (23 bytes)
Event: 3550.656 Thread 0x0000015afb131800 nmethod 17226 0x0000015ae7484290 code [0x0000015ae7484460, 0x0000015ae74846b8]
Event: 3550.656 Thread 0x0000015afb131800 17227       2       com.android.aapt.Resources$Styleable$Entry$Builder::setAttr (42 bytes)
Event: 3550.656 Thread 0x0000015afb131800 nmethod 17227 0x0000015ae7484790 code [0x0000015ae7484960, 0x0000015ae7484c08]
Event: 3550.656 Thread 0x0000015afb131800 17228       2       com.android.aapt.Resources$Styleable$Entry::<init> (6 bytes)
Event: 3550.656 Thread 0x0000015afb131800 nmethod 17228 0x0000015ae7484d90 code [0x0000015ae7484f40, 0x0000015ae74850b8]
Event: 3550.656 Thread 0x0000015afb131800 17230       2       com.android.aapt.Resources$Styleable$Entry$Builder::buildPartial (93 bytes)

GC Heap History (20 events):
Event: 3541.389 GC heap after
{Heap after GC invocations=57 (full 0):
 garbage-first heap   total 189440K, used 150088K [0x0000000080000000, 0x0000000100000000)
  region size 1024K, 2 young (2048K), 2 survivors (2048K)
 Metaspace       used 119620K, capacity 122080K, committed 122496K, reserved 1155072K
  class space    used 14873K, capacity 15813K, committed 16000K, reserved 1048576K
}
Event: 3541.723 GC heap before
{Heap before GC invocations=57 (full 0):
 garbage-first heap   total 189440K, used 157256K [0x0000000080000000, 0x0000000100000000)
  region size 1024K, 9 young (9216K), 2 survivors (2048K)
 Metaspace       used 119870K, capacity 122360K, committed 122496K, reserved 1155072K
  class space    used 14897K, capacity 15865K, committed 16000K, reserved 1048576K
}
Event: 3541.736 GC heap after
{Heap after GC invocations=58 (full 0):
 garbage-first heap   total 189440K, used 148541K [0x0000000080000000, 0x0000000100000000)
  region size 1024K, 1 young (1024K), 1 survivors (1024K)
 Metaspace       used 119870K, capacity 122360K, committed 122496K, reserved 1155072K
  class space    used 14897K, capacity 15865K, committed 16000K, reserved 1048576K
}
Event: 3542.017 GC heap before
{Heap before GC invocations=58 (full 0):
 garbage-first heap   total 189440K, used 150589K [0x0000000080000000, 0x0000000100000000)
  region size 1024K, 5 young (5120K), 1 survivors (1024K)
 Metaspace       used 120089K, capacity 122552K, committed 122752K, reserved 1157120K
  class space    used 14915K, capacity 15865K, committed 16000K, reserved 1048576K
}
Event: 3542.024 GC heap after
{Heap after GC invocations=59 (full 0):
 garbage-first heap   total 189440K, used 149824K [0x0000000080000000, 0x0000000100000000)
  region size 1024K, 2 young (2048K), 2 survivors (2048K)
 Metaspace       used 120089K, capacity 122552K, committed 122752K, reserved 1157120K
  class space    used 14915K, capacity 15865K, committed 16000K, reserved 1048576K
}
Event: 3543.297 GC heap before
{Heap before GC invocations=60 (full 0):
 garbage-first heap   total 189440K, used 169280K [0x0000000080000000, 0x0000000100000000)
  region size 1024K, 13 young (13312K), 2 survivors (2048K)
 Metaspace       used 120141K, capacity 122616K, committed 122752K, reserved 1157120K
  class space    used 14917K, capacity 15865K, committed 16000K, reserved 1048576K
}
Event: 3543.312 GC heap after
{Heap after GC invocations=61 (full 0):
 garbage-first heap   total 189440K, used 151065K [0x0000000080000000, 0x0000000100000000)
  region size 1024K, 2 young (2048K), 2 survivors (2048K)
 Metaspace       used 120141K, capacity 122616K, committed 122752K, reserved 1157120K
  class space    used 14917K, capacity 15865K, committed 16000K, reserved 1048576K
}
Event: 3543.846 GC heap before
{Heap before GC invocations=61 (full 0):
 garbage-first heap   total 189440K, used 158233K [0x0000000080000000, 0x0000000100000000)
  region size 1024K, 9 young (9216K), 2 survivors (2048K)
 Metaspace       used 120168K, capacity 122616K, committed 122752K, reserved 1157120K
  class space    used 14917K, capacity 15865K, committed 16000K, reserved 1048576K
}
Event: 3543.858 GC heap after
{Heap after GC invocations=62 (full 0):
 garbage-first heap   total 189440K, used 151339K [0x0000000080000000, 0x0000000100000000)
  region size 1024K, 2 young (2048K), 2 survivors (2048K)
 Metaspace       used 120168K, capacity 122616K, committed 122752K, reserved 1157120K
  class space    used 14917K, capacity 15865K, committed 16000K, reserved 1048576K
}
Event: 3545.034 GC heap before
{Heap before GC invocations=62 (full 0):
 garbage-first heap   total 189440K, used 161579K [0x0000000080000000, 0x0000000100000000)
  region size 1024K, 12 young (12288K), 2 survivors (2048K)
 Metaspace       used 120215K, capacity 122749K, committed 123008K, reserved 1157120K
  class space    used 14920K, capacity 15866K, committed 16000K, reserved 1048576K
}
Event: 3545.054 GC heap after
{Heap after GC invocations=63 (full 0):
 garbage-first heap   total 227328K, used 151810K [0x0000000080000000, 0x0000000100000000)
  region size 1024K, 1 young (1024K), 1 survivors (1024K)
 Metaspace       used 120215K, capacity 122749K, committed 123008K, reserved 1157120K
  class space    used 14920K, capacity 15866K, committed 16000K, reserved 1048576K
}
Event: 3546.308 GC heap before
{Heap before GC invocations=64 (full 0):
 garbage-first heap   total 227328K, used 157954K [0x0000000080000000, 0x0000000100000000)
  region size 1024K, 8 young (8192K), 1 survivors (1024K)
 Metaspace       used 120240K, capacity 122755K, committed 123008K, reserved 1157120K
  class space    used 14922K, capacity 15868K, committed 16000K, reserved 1048576K
}
Event: 3546.321 GC heap after
{Heap after GC invocations=65 (full 0):
 garbage-first heap   total 227328K, used 156672K [0x0000000080000000, 0x0000000100000000)
  region size 1024K, 4 young (4096K), 4 survivors (4096K)
 Metaspace       used 120240K, capacity 122755K, committed 123008K, reserved 1157120K
  class space    used 14922K, capacity 15868K, committed 16000K, reserved 1048576K
}
Event: 3547.252 GC heap before
{Heap before GC invocations=66 (full 0):
 garbage-first heap   total 227328K, used 197632K [0x0000000080000000, 0x0000000100000000)
  region size 1024K, 29 young (29696K), 4 survivors (4096K)
 Metaspace       used 120593K, capacity 123117K, committed 123264K, reserved 1157120K
  class space    used 14945K, capacity 15913K, committed 16000K, reserved 1048576K
}
Event: 3547.285 GC heap after
{Heap after GC invocations=67 (full 0):
 garbage-first heap   total 227328K, used 160931K [0x0000000080000000, 0x0000000100000000)
  region size 1024K, 4 young (4096K), 4 survivors (4096K)
 Metaspace       used 120593K, capacity 123117K, committed 123264K, reserved 1157120K
  class space    used 14945K, capacity 15913K, committed 16000K, reserved 1048576K
}
Event: 3549.560 GC heap before
{Heap before GC invocations=67 (full 0):
 garbage-first heap   total 227328K, used 183459K [0x0000000080000000, 0x0000000100000000)
  region size 1024K, 27 young (27648K), 4 survivors (4096K)
 Metaspace       used 123681K, capacity 126251K, committed 126592K, reserved 1159168K
  class space    used 15183K, capacity 16138K, committed 16256K, reserved 1048576K
}
Event: 3549.574 GC heap after
{Heap after GC invocations=68 (full 0):
 garbage-first heap   total 227328K, used 164519K [0x0000000080000000, 0x0000000100000000)
  region size 1024K, 4 young (4096K), 4 survivors (4096K)
 Metaspace       used 123681K, capacity 126251K, committed 126592K, reserved 1159168K
  class space    used 15183K, capacity 16138K, committed 16256K, reserved 1048576K
}
Event: 3550.541 GC heap before
{Heap before GC invocations=69 (full 0):
 garbage-first heap   total 227328K, used 175783K [0x0000000080000000, 0x0000000100000000)
  region size 1024K, 26 young (26624K), 4 survivors (4096K)
 Metaspace       used 124146K, capacity 126731K, committed 127104K, reserved 1161216K
  class space    used 15208K, capacity 16170K, committed 16256K, reserved 1048576K
}
Event: 3550.563 GC heap after
{Heap after GC invocations=70 (full 0):
 garbage-first heap   total 227328K, used 157696K [0x0000000080000000, 0x0000000100000000)
  region size 1024K, 4 young (4096K), 4 survivors (4096K)
 Metaspace       used 124146K, capacity 126731K, committed 127104K, reserved 1161216K
  class space    used 15208K, capacity 16170K, committed 16256K, reserved 1048576K
}
Event: 3550.657 GC heap before
{Heap before GC invocations=70 (full 0):
 garbage-first heap   total 227328K, used 164864K [0x0000000080000000, 0x0000000100000000)
  region size 1024K, 11 young (11264K), 4 survivors (4096K)
 Metaspace       used 124244K, capacity 126795K, committed 127104K, reserved 1161216K
  class space    used 15216K, capacity 16170K, committed 16256K, reserved 1048576K
}

Deoptimization events (20 events):
Event: 3549.986 Thread 0x0000015afe175000 Uncommon trap: trap_request=0xffffff4d fr.pc=0x0000015aec382d18 relative=0x0000000000000458
Event: 3549.986 Thread 0x0000015afe175000 Uncommon trap: reason=unstable_if action=reinterpret pc=0x0000015aec382d18 method=java.lang.String.substring(II)Ljava/lang/String; @ 31 c2
Event: 3549.986 Thread 0x0000015afe175000 DEOPT PACKING pc=0x0000015aec382d18 sp=0x00000021ba7fce70
Event: 3549.986 Thread 0x0000015afe175000 DEOPT UNPACKING pc=0x0000015ae48ba1af sp=0x00000021ba7fce40 mode 2
Event: 3550.103 Thread 0x0000015afe171000 Uncommon trap: trap_request=0xffffff4d fr.pc=0x0000015aecee3d08 relative=0x00000000000009e8
Event: 3550.103 Thread 0x0000015afe171000 Uncommon trap: reason=unstable_if action=reinterpret pc=0x0000015aecee3d08 method=com.ctc.wstx.io.UTF8Reader.read([CII)I @ 453 c2
Event: 3550.103 Thread 0x0000015afe171000 DEOPT PACKING pc=0x0000015aecee3d08 sp=0x00000021ba9fd340
Event: 3550.103 Thread 0x0000015afe171000 DEOPT UNPACKING pc=0x0000015ae48ba1af sp=0x00000021ba9fd2d8 mode 2
Event: 3550.106 Thread 0x0000015afe171000 Uncommon trap: trap_request=0xffffff4d fr.pc=0x0000015aeced5304 relative=0x0000000000000da4
Event: 3550.106 Thread 0x0000015afe171000 Uncommon trap: reason=unstable_if action=reinterpret pc=0x0000015aeced5304 method=com.ctc.wstx.io.UTF8Reader.read([CII)I @ 150 c2
Event: 3550.106 Thread 0x0000015afe171000 DEOPT PACKING pc=0x0000015aeced5304 sp=0x00000021ba9fcb00
Event: 3550.106 Thread 0x0000015afe171000 DEOPT UNPACKING pc=0x0000015ae48ba1af sp=0x00000021ba9fcad0 mode 2
Event: 3550.110 Thread 0x0000015afe175000 Uncommon trap: trap_request=0xffffff4d fr.pc=0x0000015aecef787c relative=0x0000000000003c5c
Event: 3550.110 Thread 0x0000015afe175000 Uncommon trap: reason=unstable_if action=reinterpret pc=0x0000015aecef787c method=com.ctc.wstx.evt.DefaultEventAllocator.allocate(Ljavax/xml/stream/XMLStreamReader;)Ljavax/xml/stream/events/XMLEvent; @ 44 c2
Event: 3550.110 Thread 0x0000015afe175000 DEOPT PACKING pc=0x0000015aecef787c sp=0x00000021ba7fcae0
Event: 3550.110 Thread 0x0000015afe175000 DEOPT UNPACKING pc=0x0000015ae48ba1af sp=0x00000021ba7fcb60 mode 2
Event: 3550.132 Thread 0x0000015afe175000 DEOPT PACKING pc=0x0000015ae73fdd6b sp=0x00000021ba7fcee0
Event: 3550.132 Thread 0x0000015afe175000 DEOPT UNPACKING pc=0x0000015ae48ba95e sp=0x00000021ba7fc3d0 mode 0
Event: 3550.227 Thread 0x0000015afe172800 DEOPT PACKING pc=0x0000015ae73b368f sp=0x00000021ba6fd530
Event: 3550.227 Thread 0x0000015afe172800 DEOPT UNPACKING pc=0x0000015ae48ba95e sp=0x00000021ba6fca20 mode 0

Classes redefined (0 events):
No events

Internal exceptions (20 events):
Event: 3537.696 Thread 0x0000015afe176000 Exception <a 'java/lang/NoSuchMethodError'{0x000000008b477540}: <clinit>> (0x000000008b477540) thrown at [./src/hotspot/share/prims/jni.cpp, line 1365]
Event: 3541.464 Thread 0x0000015afc0ef800 Exception <a 'java/lang/NoSuchMethodError'{0x000000008b66e088}: <clinit>> (0x000000008b66e088) thrown at [./src/hotspot/share/prims/jni.cpp, line 1365]
Event: 3541.466 Thread 0x0000015afc0ef800 Exception <a 'java/lang/NoSuchMethodError'{0x000000008b6835c0}: <clinit>> (0x000000008b6835c0) thrown at [./src/hotspot/share/prims/jni.cpp, line 1365]
Event: 3541.507 Thread 0x0000015afc0ef800 Exception <a 'java/lang/NoSuchMethodError'{0x000000008b511568}: <clinit>> (0x000000008b511568) thrown at [./src/hotspot/share/prims/jni.cpp, line 1365]
Event: 3541.508 Thread 0x0000015afc0ef800 Exception <a 'java/lang/NoSuchMethodError'{0x000000008b514928}: <clinit>> (0x000000008b514928) thrown at [./src/hotspot/share/prims/jni.cpp, line 1365]
Event: 3541.508 Thread 0x0000015afc0ef800 Exception <a 'java/lang/NoSuchMethodError'{0x000000008b519b00}: <clinit>> (0x000000008b519b00) thrown at [./src/hotspot/share/prims/jni.cpp, line 1365]
Event: 3541.508 Thread 0x0000015afc0ef800 Exception <a 'java/lang/NoSuchMethodError'{0x000000008b525cf0}: <clinit>> (0x000000008b525cf0) thrown at [./src/hotspot/share/prims/jni.cpp, line 1365]
Event: 3541.518 Thread 0x0000015afc0ef800 Exception <a 'java/lang/NoSuchMethodError'{0x000000008b58c8c8}: <clinit>> (0x000000008b58c8c8) thrown at [./src/hotspot/share/prims/jni.cpp, line 1365]
Event: 3541.523 Thread 0x0000015afc0ef800 Exception <a 'java/lang/NoSuchMethodError'{0x000000008b5d5310}: <clinit>> (0x000000008b5d5310) thrown at [./src/hotspot/share/prims/jni.cpp, line 1365]
Event: 3541.524 Thread 0x0000015afc0ef800 Exception <a 'java/lang/NoSuchMethodError'{0x000000008b5d9218}: <clinit>> (0x000000008b5d9218) thrown at [./src/hotspot/share/prims/jni.cpp, line 1365]
Event: 3541.524 Thread 0x0000015afc0ef800 Exception <a 'java/lang/NoSuchMethodError'{0x000000008b5dc928}: <clinit>> (0x000000008b5dc928) thrown at [./src/hotspot/share/prims/jni.cpp, line 1365]
Event: 3541.526 Thread 0x0000015afc0ef800 Exception <a 'java/lang/NoSuchMethodError'{0x000000008b5fe058}: <clinit>> (0x000000008b5fe058) thrown at [./src/hotspot/share/prims/jni.cpp, line 1365]
Event: 3541.528 Thread 0x0000015afc0ef800 Exception <a 'java/lang/NoSuchMethodError'{0x000000008b41ecc0}: <clinit>> (0x000000008b41ecc0) thrown at [./src/hotspot/share/prims/jni.cpp, line 1365]
Event: 3541.533 Thread 0x0000015afc0ef800 Exception <a 'java/lang/NoSuchMethodError'{0x000000008b43b930}: <clinit>> (0x000000008b43b930) thrown at [./src/hotspot/share/prims/jni.cpp, line 1365]
Event: 3541.553 Thread 0x0000015afc0ef800 Exception <a 'java/lang/NoSuchMethodError'{0x000000008b469dd0}: <clinit>> (0x000000008b469dd0) thrown at [./src/hotspot/share/prims/jni.cpp, line 1365]
Event: 3541.567 Thread 0x0000015afc0ef800 Exception <a 'java/lang/NoSuchMethodError'{0x000000008b499a00}: <clinit>> (0x000000008b499a00) thrown at [./src/hotspot/share/prims/jni.cpp, line 1365]
Event: 3541.572 Thread 0x0000015afc0ef800 Exception <a 'java/lang/NoSuchMethodError'{0x000000008b4b31f8}: <clinit>> (0x000000008b4b31f8) thrown at [./src/hotspot/share/prims/jni.cpp, line 1365]
Event: 3546.629 Thread 0x0000015afc0ef800 Implicit null exception at 0x0000015aecdfe086 to 0x0000015aece0407c
Event: 3546.859 Thread 0x0000015afc0ef800 Exception <a 'java/lang/NoSuchMethodError'{0x000000008db7b2c8}: <clinit>> (0x000000008db7b2c8) thrown at [./src/hotspot/share/prims/jni.cpp, line 1365]
Event: 3546.878 Thread 0x0000015afc0ef800 Exception <a 'java/lang/NoSuchMethodError'{0x000000008dafb5b8}: <clinit>> (0x000000008dafb5b8) thrown at [./src/hotspot/share/prims/jni.cpp, line 1365]

Events (20 events):
Event: 3550.462 loading class com/android/aapt/Resources$Id$Builder done
Event: 3550.518 loading class com/android/aapt/Resources$Primitive$EmptyType$1
Event: 3550.518 loading class com/android/aapt/Resources$Primitive$EmptyType$1 done
Event: 3550.519 loading class com/android/aapt/Resources$Primitive$EmptyType$Builder
Event: 3550.519 loading class com/android/aapt/Resources$Primitive$EmptyType$Builder done
Event: 3550.541 Executing VM operation: G1CollectForAllocation
Event: 3550.563 Executing VM operation: G1CollectForAllocation done
Event: 3550.621 loading class com/android/aapt/Resources$Styleable$1
Event: 3550.621 loading class com/android/aapt/Resources$Styleable$1 done
Event: 3550.622 loading class com/android/aapt/Resources$Styleable$Builder
Event: 3550.622 loading class com/android/aapt/Resources$Styleable$Builder done
Event: 3550.631 loading class com/android/aapt/Resources$Styleable$Entry
Event: 3550.631 loading class com/android/aapt/Resources$Styleable$Entry done
Event: 3550.632 loading class com/android/aapt/Resources$Styleable$EntryOrBuilder
Event: 3550.632 loading class com/android/aapt/Resources$Styleable$EntryOrBuilder done
Event: 3550.633 loading class com/android/aapt/Resources$Styleable$Entry$1
Event: 3550.633 loading class com/android/aapt/Resources$Styleable$Entry$1 done
Event: 3550.651 loading class com/android/aapt/Resources$Styleable$Entry$Builder
Event: 3550.651 loading class com/android/aapt/Resources$Styleable$Entry$Builder done
Event: 3550.657 Executing VM operation: G1CollectForAllocation


Dynamic libraries:
0x00007ff6df240000 - 0x00007ff6df24a000 	C:\Program Files\Android\Android Studio\jre\bin\java.exe
0x00007fffbdbb0000 - 0x00007fffbdda5000 	C:\WINDOWS\SYSTEM32\ntdll.dll
0x00007fff96bd0000 - 0x00007fff96be6000 	C:\Program Files\AVAST Software\Avast\aswhook.dll
0x00007fffbd4e0000 - 0x00007fffbd59d000 	C:\WINDOWS\System32\KERNEL32.DLL
0x00007fffbb6f0000 - 0x00007fffbb9bd000 	C:\WINDOWS\System32\KERNELBASE.dll
0x00007fffbbb00000 - 0x00007fffbbc00000 	C:\WINDOWS\System32\ucrtbase.dll
0x00007fffa5430000 - 0x00007fffa5447000 	C:\Program Files\Android\Android Studio\jre\bin\VCRUNTIME140.dll
0x00007fffa4960000 - 0x00007fffa4979000 	C:\Program Files\Android\Android Studio\jre\bin\jli.dll
0x00007fffbc310000 - 0x00007fffbc4b0000 	C:\WINDOWS\System32\USER32.dll
0x00007fffbb650000 - 0x00007fffbb672000 	C:\WINDOWS\System32\win32u.dll
0x00007fffbc2e0000 - 0x00007fffbc30a000 	C:\WINDOWS\System32\GDI32.dll
0x00007fffbb9f0000 - 0x00007fffbbafb000 	C:\WINDOWS\System32\gdi32full.dll
0x00007fffbb3c0000 - 0x00007fffbb45d000 	C:\WINDOWS\System32\msvcp_win.dll
0x00007fffafd00000 - 0x00007fffaff9a000 	C:\WINDOWS\WinSxS\amd64_microsoft.windows.common-controls_6595b64144ccf1df_6.0.19041.1110_none_60b5254171f9507e\COMCTL32.dll
0x00007fffbda20000 - 0x00007fffbdabe000 	C:\WINDOWS\System32\msvcrt.dll
0x00007fffbc920000 - 0x00007fffbc950000 	C:\WINDOWS\System32\IMM32.DLL
0x00007fff7eeb0000 - 0x00007fff7ef4d000 	C:\Program Files\Android\Android Studio\jre\bin\msvcp140.dll
0x00007fff33400000 - 0x00007fff33ee5000 	C:\Program Files\Android\Android Studio\jre\bin\server\jvm.dll
0x00007fffbc5a0000 - 0x00007fffbc64e000 	C:\WINDOWS\System32\ADVAPI32.dll
0x00007fffbdac0000 - 0x00007fffbdb5c000 	C:\WINDOWS\System32\sechost.dll
0x00007fffbc9b0000 - 0x00007fffbcad5000 	C:\WINDOWS\System32\RPCRT4.dll
0x00007fffbd230000 - 0x00007fffbd238000 	C:\WINDOWS\System32\PSAPI.DLL
0x00007fffafc20000 - 0x00007fffafc47000 	C:\WINDOWS\SYSTEM32\WINMM.dll
0x00007fffb1910000 - 0x00007fffb191a000 	C:\WINDOWS\SYSTEM32\VERSION.dll
0x00007fffaac80000 - 0x00007fffaac89000 	C:\WINDOWS\SYSTEM32\WSOCK32.dll
0x00007fffbbda0000 - 0x00007fffbbe0b000 	C:\WINDOWS\System32\WS2_32.dll
0x00007fffb9df0000 - 0x00007fffb9e02000 	C:\WINDOWS\SYSTEM32\kernel.appcore.dll
0x00007fffb4ef0000 - 0x00007fffb4f01000 	C:\Program Files\Android\Android Studio\jre\bin\verify.dll
0x00007fffb9820000 - 0x00007fffb9a04000 	C:\WINDOWS\SYSTEM32\DBGHELP.DLL
0x00007fffb0a10000 - 0x00007fffb0a3c000 	C:\WINDOWS\SYSTEM32\dbgcore.DLL
0x00007fffbb460000 - 0x00007fffbb4e2000 	C:\WINDOWS\System32\bcryptPrimitives.dll
0x00007fffb3f70000 - 0x00007fffb3f99000 	C:\Program Files\Android\Android Studio\jre\bin\java.dll
0x00007fffb8290000 - 0x00007fffb829b000 	C:\Program Files\Android\Android Studio\jre\bin\jimage.dll
0x00007fffb3f50000 - 0x00007fffb3f68000 	C:\Program Files\Android\Android Studio\jre\bin\zip.dll
0x00007fffbcae0000 - 0x00007fffbd224000 	C:\WINDOWS\System32\SHELL32.dll
0x00007fffb8fb0000 - 0x00007fffb9744000 	C:\WINDOWS\SYSTEM32\windows.storage.dll
0x00007fffbbe10000 - 0x00007fffbc164000 	C:\WINDOWS\System32\combase.dll
0x00007fffbad20000 - 0x00007fffbad4c000 	C:\WINDOWS\SYSTEM32\Wldp.dll
0x00007fffbc230000 - 0x00007fffbc2dd000 	C:\WINDOWS\System32\SHCORE.dll
0x00007fffbc950000 - 0x00007fffbc9a5000 	C:\WINDOWS\System32\shlwapi.dll
0x00007fffbb200000 - 0x00007fffbb21f000 	C:\WINDOWS\SYSTEM32\profapi.dll
0x00007fffb3910000 - 0x00007fffb392a000 	C:\Program Files\Android\Android Studio\jre\bin\net.dll
0x00007fffaaf40000 - 0x00007fffab04a000 	C:\WINDOWS\SYSTEM32\WINHTTP.dll
0x00007fffbaa80000 - 0x00007fffbaaea000 	C:\WINDOWS\system32\mswsock.dll
0x00007fffb38f0000 - 0x00007fffb3904000 	C:\Program Files\Android\Android Studio\jre\bin\nio.dll
0x00007fff8e2b0000 - 0x00007fff8e2d7000 	C:\Users\salom\.gradle\native\e1d6ef7f7dcc3fd88c89a11ec53ec762bb8ba0a96d01ffa2cd45eb1d1d8dd5c5\windows-amd64\native-platform.dll
0x00007fff75900000 - 0x00007fff75a44000 	C:\Users\salom\.gradle\native\5664cfc778a61ccfe75a443a1ab52a65af34e5dc3c78e0209fed803814484fcb\windows-amd64\native-platform-file-events.dll
0x00007fffb4060000 - 0x00007fffb406a000 	C:\Program Files\Android\Android Studio\jre\bin\management.dll
0x00007fffb3f40000 - 0x00007fffb3f4d000 	C:\Program Files\Android\Android Studio\jre\bin\management_ext.dll
0x00007fffbac70000 - 0x00007fffbac88000 	C:\WINDOWS\SYSTEM32\CRYPTSP.dll
0x00007fffba390000 - 0x00007fffba3c4000 	C:\WINDOWS\system32\rsaenh.dll
0x00007fffbb9c0000 - 0x00007fffbb9e7000 	C:\WINDOWS\System32\bcrypt.dll
0x00007fffbb1c0000 - 0x00007fffbb1ee000 	C:\WINDOWS\SYSTEM32\USERENV.dll
0x00007fffbac90000 - 0x00007fffbac9c000 	C:\WINDOWS\SYSTEM32\CRYPTBASE.dll
0x00007fffba720000 - 0x00007fffba75b000 	C:\WINDOWS\SYSTEM32\IPHLPAPI.DLL
0x00007fffbdb60000 - 0x00007fffbdb68000 	C:\WINDOWS\System32\NSI.dll
0x00007fffb0db0000 - 0x00007fffb0dc7000 	C:\WINDOWS\SYSTEM32\dhcpcsvc6.DLL
0x00007fffb1da0000 - 0x00007fffb1dbd000 	C:\WINDOWS\SYSTEM32\dhcpcsvc.DLL
0x00007fffba760000 - 0x00007fffba82b000 	C:\WINDOWS\SYSTEM32\DNSAPI.dll

dbghelp: loaded successfully - version: 4.0.5 - missing functions: none
symbol engine: initialized successfully - sym options: 0x614 - pdb path: .;C:\Program Files\Android\Android Studio\jre\bin;C:\WINDOWS\SYSTEM32;C:\Program Files\AVAST Software\Avast;C:\WINDOWS\WinSxS\amd64_microsoft.windows.common-controls_6595b64144ccf1df_6.0.19041.1110_none_60b5254171f9507e;C:\Program Files\Android\Android Studio\jre\bin\server;C:\Users\salom\.gradle\native\e1d6ef7f7dcc3fd88c89a11ec53ec762bb8ba0a96d01ffa2cd45eb1d1d8dd5c5\windows-amd64;C:\Users\salom\.gradle\native\5664cfc778a61ccfe75a443a1ab52a65af34e5dc3c78e0209fed803814484fcb\windows-amd64

VM Arguments:
jvm_args: --add-opens=java.base/java.util=ALL-UNNAMED --add-opens=java.base/java.lang=ALL-UNNAMED --add-opens=java.base/java.lang.invoke=ALL-UNNAMED --add-opens=java.base/java.util=ALL-UNNAMED --add-opens=java.prefs/java.util.prefs=ALL-UNNAMED --add-opens=java.prefs/java.util.prefs=ALL-UNNAMED --add-opens=java.base/java.nio.charset=ALL-UNNAMED --add-opens=java.base/java.net=ALL-UNNAMED --add-opens=java.base/java.util.concurrent.atomic=ALL-UNNAMED -Xmx2048m -Dfile.encoding=UTF-8 -Duser.country=US -Duser.language=en -Duser.variant 
java_command: org.gradle.launcher.daemon.bootstrap.GradleDaemon 7.3.3
java_class_path (initial): C:\Users\salom\.gradle\wrapper\dists\gradle-7.3.3-bin\6a41zxkdtcxs8rphpq6y0069z\gradle-7.3.3\lib\gradle-launcher-7.3.3.jar
Launcher Type: SUN_STANDARD

[Global flags]
     intx CICompilerCount                          = 3                                         {product} {ergonomic}
     uint ConcGCThreads                            = 1                                         {product} {ergonomic}
     uint G1ConcRefinementThreads                  = 4                                         {product} {ergonomic}
   size_t G1HeapRegionSize                         = 1048576                                   {product} {ergonomic}
    uintx GCDrainStackTargetSize                   = 64                                        {product} {ergonomic}
   size_t InitialHeapSize                          = 134217728                                 {product} {ergonomic}
   size_t MarkStackSize                            = 4194304                                   {product} {ergonomic}
   size_t MaxHeapSize                              = 2147483648                                {product} {command line}
   size_t MaxNewSize                               = 1287651328                                {product} {ergonomic}
   size_t MinHeapDeltaBytes                        = 1048576                                   {product} {ergonomic}
    uintx NonNMethodCodeHeapSize                   = 5830732                                {pd product} {ergonomic}
    uintx NonProfiledCodeHeapSize                  = 122913754                              {pd product} {ergonomic}
    uintx ProfiledCodeHeapSize                     = 122913754                              {pd product} {ergonomic}
    uintx ReservedCodeCacheSize                    = 251658240                              {pd product} {ergonomic}
     bool SegmentedCodeCache                       = true                                      {product} {ergonomic}
     bool UseCompressedClassPointers               = true                                 {lp64_product} {ergonomic}
     bool UseCompressedOops                        = true                                 {lp64_product} {ergonomic}
     bool UseG1GC                                  = true                                      {product} {ergonomic}
     bool UseLargePagesIndividualAllocation        = false                                  {pd product} {ergonomic}

Logging:
Log output configuration:
 #0: stdout all=warning uptime,level,tags
 #1: stderr all=off uptime,level,tags

Environment Variables:
JAVA_HOME=C:\Program Files\Java\jdk1.8.0_181
PATH=C:\Program Files (x86)\Common Files\Intel\Shared Libraries\redist\intel64_win\compiler;C:\Python27\;C:\Python27\Scripts;C:\ProgramData\Boxstarter;C:\Program Files (x86)\Common Files\Oracle\Java\javapath;C:\Windows\system32;C:\Windows;C:\Windows\System32\Wbem;C:\Windows\System32\WindowsPowerShell\v1.0\;C:\Windows\System32\OpenSSH\;C:\Program Files\Common Files\Autodesk Shared\;C:\Program Files\nodejs\;C:\ProgramData\chocolatey\bin;C:\Program Files\Microsoft SQL Server\Client SDK\ODBC\130\Tools\Binn\;C:\Program Files (x86)\Microsoft SQL Server\140\Tools\Binn\;C:\Program Files\Microsoft SQL Server\140\Tools\Binn\;C:\Program Files\Microsoft SQL Server\140\DTS\Binn\;C:\Program Files\dotnet\;C:\Program Files\Java\jdk1.8.0_181\BIN;C:\Users\nikan\AppData\Local\Android\Sdk\TOOLS;C:\Users\nikan\AppData\Local\Android\Sdk\platform-tools;C:\WINDOWS\system32;C:\WINDOWS;C:\WINDOWS\System32\Wbem;C:\WINDOWS\System32\WindowsPowerShell\v1.0\;C:\WINDOWS\System32\OpenSSH\;C:\Program Files\Microsoft SQL Server\Client SDK\ODBC\170\Tools\Binn\;C:\Program Files (x86)\Microsoft SQL Server\150\Tools\Binn\;C:\Program Files\Microsoft SQL Server\150\Tools\Binn\;C:\Program Files\Microsoft SQL Server\150\DTS\Binn\;C:\Program Files\Git\cmd;C:\Program Files (x86)\dotnet\;C:\Users\salom\AppData\Local\Microsoft\WindowsApps;;C:\Program Files\JetBrains\PyCharm Community Edition 2021.3.1\bin;;C:\Users\salom\.dotnet\tools
USERNAME=salom
OS=Windows_NT
PROCESSOR_IDENTIFIER=Intel64 Family 6 Model 142 Stepping 9, GenuineIntel



---------------  S Y S T E M  ---------------

OS: Windows 10 , 64 bit Build 19041 (10.0.19041.1706)
OS uptime: 15 days 10:48 hours

CPU:total 4 (initial active 4) (2 cores per cpu, 2 threads per core) family 6 model 142 stepping 9 microcode 0xb4, cmov, cx8, fxsr, mmx, sse, sse2, sse3, ssse3, sse4.1, sse4.2, popcnt, avx, avx2, aes, clmul, erms, 3dnowpref, lzcnt, ht, tsc, tscinvbit, bmi1, bmi2, adx, fma

Memory: 4k page, system-wide physical 8089M (281M free)
TotalPageFile size 15259M (AvailPageFile size 1M)
current process WorkingSet (physical memory assigned to process): 376M, peak: 503M
current process commit charge ("private bytes"): 610M, peak: 610M

vm_info: OpenJDK 64-Bit Server VM (11.0.12+7-b1504.28-7817840) for windows-amd64 JRE (11.0.12+7-b1504.28-7817840), built on Oct 13 2021 22:12:33 by "builder" with MS VC++ 14.0 (VS2015)

END.
